[0m[[0m[0mdebug[0m] [0m[0m> Exec(early(addDefaultCommands), None, None)[0m
[0m[[0m[0mdebug[0m] [0m[0m> Exec(addDefaultCommands, None, None)[0m
[0m[[0m[0mdebug[0m] [0m[0m> Exec(early(initialize), None, None)[0m
[0m[[0m[0mdebug[0m] [0m[0m> Exec(initialize, None, None)[0m
[0m[[0m[0mdebug[0m] [0m[0m> Exec(boot, None, None)[0m
[0m[[0m[0mdebug[0m] [0m[0m> Exec(writeSbtVersion, None, None)[0m
[0m[[0m[0mdebug[0m] [0m[0m> Exec(reload, None, None)[0m
[0m[[0m[0mdebug[0m] [0m[0m> Exec(sbtStashOnFailure, None, None)[0m
[0m[[0m[0mdebug[0m] [0m[0m> Exec(onFailure loadFailed, None, None)[0m
[0m[[0m[0mdebug[0m] [0m[0m> Exec(loadp, None, None)[0m
[0m[[0m[0minfo[0m] [0m[0mwelcome to sbt 1.4.3 (Amazon.com Inc. Java 1.8.0_342)[0m
[0m[[0m[0mdebug[0m] [0m[0m      Load.loadUnit: plugins took 305.048709ms[0m
[0m[[0m[0mdebug[0m] [0m[0m      Load.loadUnit: defsScala took 0.662473ms[0m
[0m[[0m[0mdebug[0m] [0m[0m[Loading] Scanning directory /Users/ginakokoska/.sbt/1.0/plugins[0m
[0m[[0m[0mdebug[0m] [0m[0m[Loading] Found non-root projects [0m
[0m[[0m[0mdebug[0m] [0m[0m[Loading] Done in /Users/ginakokoska/.sbt/1.0/plugins, returning: ()[0m
[0m[[0m[0mdebug[0m] [0m[0mdeducing auto plugins based on known facts Set(Atom(sbt.plugins.CorePlugin)) and clauses Clauses(List(Clause(Atom(sbt.plugins.JvmPlugin),Set(Atom(sbt.plugins.IvyPlugin))), Clause(Atom(sbt.ScriptedPlugin),Set(Atom(sbt.plugins.JvmPlugin))), Clause(Atom(sbt.plugins.SbtPlugin),Set(Atom(sbt.ScriptedPlugin))), Clause(Atom(sbt.plugins.SemanticdbPlugin),Set(Atom(sbt.plugins.JvmPlugin))), Clause(Atom(sbt.plugins.JUnitXmlReportPlugin),Set(Atom(sbt.plugins.JvmPlugin))), Clause(Atom(sbt.plugins.MiniDependencyTreePlugin),Set(Atom(sbt.plugins.JvmPlugin))), Clause(Atom(sbt.plugins.CorePlugin),Set(Atom(sbt.plugins.IvyPlugin))), Clause(Atom(sbt.plugins.IvyPlugin),Set(Atom(sbt.plugins.JvmPlugin))), Clause(Atom(sbt.plugins.JvmPlugin),Set(Atom(sbt.plugins.SemanticdbPlugin))), Clause(Atom(sbt.plugins.JvmPlugin),Set(Atom(sbt.plugins.JUnitXmlReportPlugin))), Clause(Atom(sbt.plugins.CorePlugin),Set(Atom(sbt.plugins.Giter8TemplatePlugin))), Clause(Atom(sbt.plugins.JvmPlugin),Set(Atom(sbt.plugins.MiniDependencyTreePlugin)))))[0m
[0m[[0m[0mdebug[0m] [0m[0m  :: deduced result: Matched(sbt.plugins.CorePlugin,sbt.plugins.Giter8TemplatePlugin,sbt.plugins.IvyPlugin,sbt.plugins.JvmPlugin,sbt.plugins.MiniDependencyTreePlugin,sbt.plugins.JUnitXmlReportPlugin,sbt.plugins.SemanticdbPlugin)[0m
[0m[[0m[0mdebug[0m] [0m[0mPlugins.deducer#function took 39.996705 ms[0m
[0m[[0m[0mdebug[0m] [0m[0m          Load.resolveProject(global-plugins) took 82.06831ms[0m
[0m[[0m[0mdebug[0m] [0m[0m        Load.loadTransitive: finalizeProject(Project(id global-plugins, base: /Users/ginakokoska/.sbt/1.0/plugins, plugins: List(<none>))) took 171.998485ms[0m
[0m[[0m[0mdebug[0m] [0m[0m[Loading] Done in /Users/ginakokoska/.sbt/1.0/plugins, returning: (global-plugins)[0m
[0m[[0m[0mdebug[0m] [0m[0m      Load.loadUnit: loadedProjectsRaw took 210.428839ms[0m
[0m[[0m[0mdebug[0m] [0m[0m      Load.loadUnit: cleanEvalClasses took 0.55796ms[0m
[0m[[0m[0mdebug[0m] [0m[0m    Load.loadUnit(file:/Users/ginakokoska/.sbt/1.0/plugins/, ...) took 526.495849ms[0m
[0m[[0m[0mdebug[0m] [0m[0m  Load.apply: load took 939.777312ms[0m
[0m[[0m[0mdebug[0m] [0m[0m  Load.apply: resolveProjects took 10.460554ms[0m
[0m[[0m[0mdebug[0m] [0m[0m  Load.apply: finalTransforms took 88.373768ms[0m
[0m[[0m[0mdebug[0m] [0m[0m  Load.apply: config.delegates took 12.687022ms[0m
[0m[[0m[0mdebug[0m] [0m[0m  Load.apply: Def.make(settings)... took 1046.775434ms[0m
[0m[[0m[0mdebug[0m] [0m[0m  Load.apply: structureIndex took 160.24332ms[0m
[0m[[0m[0mdebug[0m] [0m[0m  Load.apply: mkStreams took 2.433254ms[0m
[0m[[0m[0minfo[0m] [0m[0mloading global plugins from /Users/ginakokoska/.sbt/1.0/plugins[0m
[0m[[0m[0mdebug[0m] [0m[0mRunning task... Cancel: Signal, check cycles: false, forcegc: true[0m
[0m[[0m[0mdebug[0m] [0m[0mLoad.defaultLoad until apply took 4588.880665ms[0m
[0m[[0m[0mdebug[0m] [0m[0m          Load.loadUnit: plugins took 49.691475ms[0m
[0m[[0m[0mdebug[0m] [0m[0m          Load.loadUnit: defsScala took 0.00471ms[0m
[0m[[0m[0mdebug[0m] [0m[0m[Loading] Scanning directory /Users/ginakokoska/IdeaProjects/HTWG/AIN5/Webapplikation/checkers_wa/project[0m
[0m[[0m[0mdebug[0m] [0m[0m            Load.loadUnit: mkEval took 14.925999ms[0m
[0m[[0m[0mdebug[0m] [0m[0m[Loading] Found non-root projects [0m
[0m[[0m[0mdebug[0m] [0m[0m[Loading] Done in /Users/ginakokoska/IdeaProjects/HTWG/AIN5/Webapplikation/checkers_wa/project, returning: ()[0m
[0m[[0m[0mdebug[0m] [0m[0mdeducing auto plugins based on known facts Set(Atom(sbt.plugins.CorePlugin)) and clauses Clauses(List(Clause(Atom(sbt.plugins.JvmPlugin),Set(Atom(sbt.plugins.IvyPlugin))), Clause(Atom(sbt.ScriptedPlugin),Set(Atom(sbt.plugins.JvmPlugin))), Clause(Atom(sbt.plugins.SbtPlugin),Set(Atom(sbt.ScriptedPlugin))), Clause(Atom(sbt.plugins.SemanticdbPlugin),Set(Atom(sbt.plugins.JvmPlugin))), Clause(Atom(sbt.plugins.JUnitXmlReportPlugin),Set(Atom(sbt.plugins.JvmPlugin))), Clause(Atom(sbt.plugins.MiniDependencyTreePlugin),Set(Atom(sbt.plugins.JvmPlugin))), Clause(Atom(sbt.plugins.CorePlugin),Set(Atom(sbt.plugins.IvyPlugin))), Clause(Atom(sbt.plugins.IvyPlugin),Set(Atom(sbt.plugins.JvmPlugin))), Clause(Atom(sbt.plugins.JvmPlugin),Set(Atom(sbt.plugins.SemanticdbPlugin))), Clause(Atom(sbt.plugins.JvmPlugin),Set(Atom(sbt.plugins.JUnitXmlReportPlugin))), Clause(Atom(sbt.plugins.CorePlugin),Set(Atom(sbt.plugins.Giter8TemplatePlugin))), Clause(Atom(sbt.plugins.JvmPlugin),Set(Atom(sbt.plugins.MiniDependencyTreePlugin)))))[0m
[0m[[0m[0mdebug[0m] [0m[0m  :: deduced result: Matched(sbt.plugins.CorePlugin,sbt.plugins.Giter8TemplatePlugin,sbt.plugins.IvyPlugin,sbt.plugins.JvmPlugin,sbt.plugins.MiniDependencyTreePlugin,sbt.plugins.JUnitXmlReportPlugin,sbt.plugins.SemanticdbPlugin)[0m
[0m[[0m[0mdebug[0m] [0m[0mPlugins.deducer#function took 2.245647 ms[0m
[0m[[0m[0minfo[0m] [0m[0mloading settings for project checkers_wa-build from plugins.sbt ...[0m
[0m[[0m[0mdebug[0m] [0m[0m              Load.resolveProject(checkers_wa-build) took 9.569692ms[0m
[0m[[0m[0mdebug[0m] [0m[0m            Load.loadTransitive: finalizeProject(Project(id checkers_wa-build, base: /Users/ginakokoska/IdeaProjects/HTWG/AIN5/Webapplikation/checkers_wa/project, plugins: List(<none>))) took 12.466912ms[0m
[0m[[0m[0mdebug[0m] [0m[0m[Loading] Done in /Users/ginakokoska/IdeaProjects/HTWG/AIN5/Webapplikation/checkers_wa/project, returning: (checkers_wa-build)[0m
[0m[[0m[0mdebug[0m] [0m[0m          Load.loadUnit: loadedProjectsRaw took 182.840316ms[0m
[0m[[0m[0mdebug[0m] [0m[0m          Load.loadUnit: cleanEvalClasses took 4.72773ms[0m
[0m[[0m[0mdebug[0m] [0m[0m        Load.loadUnit(file:/Users/ginakokoska/IdeaProjects/HTWG/AIN5/Webapplikation/checkers_wa/project/, ...) took 238.090975ms[0m
[0m[[0m[0mdebug[0m] [0m[0m      Load.apply: load took 239.197348ms[0m
[0m[[0m[0mdebug[0m] [0m[0m      Load.apply: resolveProjects took 0.118676ms[0m
[0m[[0m[0mdebug[0m] [0m[0m      Load.apply: finalTransforms took 12.141727ms[0m
[0m[[0m[0mdebug[0m] [0m[0m      Load.apply: config.delegates took 0.482436ms[0m
[0m[[0m[0mdebug[0m] [0m[0m      Load.apply: Def.make(settings)... took 97.769884ms[0m
[0m[[0m[0mdebug[0m] [0m[0m      Load.apply: structureIndex took 31.87541ms[0m
[0m[[0m[0mdebug[0m] [0m[0m      Load.apply: mkStreams took 0.002784ms[0m
[0m[[0m[0minfo[0m] [0m[0mloading project definition from /Users/ginakokoska/IdeaProjects/HTWG/AIN5/Webapplikation/checkers_wa/project[0m
[0m[[0m[0mdebug[0m] [0m[0mRunning task... Cancel: Signal, check cycles: false, forcegc: true[0m
[0m[[0m[0mdebug[0m] [0m[0m    Load.loadUnit: plugins took 1095.673099ms[0m
[0m[[0m[0mdebug[0m] [0m[0m    Load.loadUnit: defsScala took 0.00403ms[0m
[0m[[0m[0mdebug[0m] [0m[0m[Loading] Scanning directory /Users/ginakokoska/IdeaProjects/HTWG/AIN5/Webapplikation/checkers_wa[0m
[0m[[0m[0mdebug[0m] [0m[0m      Load.loadUnit: mkEval took 0.28977ms[0m
[0m[[0m[0mdebug[0m] [0m[0m[Loading] Found root project root w/ remaining [0m
[0m[[0m[0mdebug[0m] [0m[0mdeducing auto plugins based on known facts Set(Atom(play.sbt.PlayScala), Atom(sbt.plugins.CorePlugin)) and clauses Clauses(List(Clause(Atom(sbt.plugins.JvmPlugin),Set(Atom(sbt.plugins.IvyPlugin))), Clause(Atom(sbt.ScriptedPlugin),Set(Atom(sbt.plugins.JvmPlugin))), Clause(Atom(sbt.plugins.SbtPlugin),Set(Atom(sbt.ScriptedPlugin))), Clause(Atom(sbt.plugins.SemanticdbPlugin),Set(Atom(sbt.plugins.JvmPlugin))), Clause(Atom(sbt.plugins.JUnitXmlReportPlugin),Set(Atom(sbt.plugins.JvmPlugin))), Clause(Atom(sbt.plugins.MiniDependencyTreePlugin),Set(Atom(sbt.plugins.JvmPlugin))), Clause(Atom(play.sbt.Play),Set(Atom(play.sbt.routes.RoutesCompiler))), Clause(Atom(play.sbt.Play),Set(Atom(com.typesafe.sbt.jse.SbtJsTask))), Clause(Atom(play.sbt.Play),Set(Atom(com.typesafe.sbt.packager.archetypes.JavaServerAppPackaging))), Clause(Atom(play.sbt.Play),Set(Atom(play.twirl.sbt.SbtTwirl))), Clause(Atom(play.sbt.PlayAkkaHttp2Support),Set(Atom(play.sbt.PlayAkkaHttpServer))), Clause(Atom(play.sbt.PlayAkkaHttp2Support),Set(Atom(com.lightbend.sbt.javaagent.JavaAgent))), Clause(Atom(play.sbt.PlayAkkaHttpServer),Set(Atom(play.sbt.PlayService))), Clause(Atom(play.sbt.PlayFilters),Set(Atom(play.sbt.PlayWeb))), Clause(Atom(play.sbt.PlayJava),Set(Atom(play.sbt.PlayWeb))), Clause(Atom(play.sbt.PlayLayoutPlugin),Set(Atom(play.sbt.PlayWeb))), Clause(Atom(play.sbt.PlayLogback),Set(Atom(play.sbt.PlayService))), Clause(Atom(play.sbt.PlayMinimalJava),Set(Atom(play.sbt.PlayWeb))), Clause(Atom(play.sbt.PlayNettyServer),Set(Atom(play.sbt.PlayService))), Clause(Atom(play.sbt.PlayScala),Set(Atom(play.sbt.PlayWeb))), Clause(Atom(play.sbt.PlayService),Set(Atom(com.typesafe.sbt.packager.archetypes.JavaServerAppPackaging))), Clause(Atom(play.sbt.PlayWeb),Set(Atom(play.sbt.routes.RoutesCompiler))), Clause(Atom(play.sbt.PlayWeb),Set(Atom(com.typesafe.sbt.jse.SbtJsTask))), Clause(Atom(play.sbt.PlayWeb),Set(Atom(play.sbt.PlayService))), Clause(Atom(play.sbt.PlayWeb),Set(Atom(play.twirl.sbt.SbtTwirl))), Clause(Atom(play.sbt.routes.RoutesCompiler),Set(Atom(sbt.plugins.JvmPlugin))), Clause(Atom(play.sbt.test.MediatorWorkaroundPlugin),Set(Atom(sbt.plugins.JvmPlugin))), Clause(Atom(com.typesafe.sbt.less.SbtLess),Set(Atom(com.typesafe.sbt.jse.SbtJsTask))), Clause(Atom(play.twirl.sbt.SbtTwirl),Set(Atom(sbt.plugins.JvmPlugin))), Clause(Atom(com.typesafe.sbt.SbtNativePackager),Set(Atom(sbt.plugins.JvmPlugin))), Clause(Atom(com.typesafe.sbt.packager.archetypes.JavaAppPackaging),Set(Atom(com.typesafe.sbt.packager.windows.WindowsPlugin))), Clause(Atom(com.typesafe.sbt.packager.archetypes.JavaAppPackaging),Set(Atom(com.typesafe.sbt.packager.docker.DockerPlugin))), Clause(Atom(com.typesafe.sbt.packager.archetypes.JavaAppPackaging),Set(Atom(com.typesafe.sbt.packager.debian.DebianPlugin))), Clause(Atom(com.typesafe.sbt.packager.archetypes.JavaAppPackaging),Set(Atom(com.typesafe.sbt.packager.rpm.RpmPlugin))), Clause(Atom(com.typesafe.sbt.packager.archetypes.JavaServerAppPackaging),Set(Atom(com.typesafe.sbt.packager.archetypes.JavaAppPackaging))), Clause(Atom(com.typesafe.sbt.packager.archetypes.jar.ClasspathJarPlugin),Set(Atom(com.typesafe.sbt.packager.archetypes.JavaAppPackaging))), Clause(Atom(com.typesafe.sbt.packager.archetypes.jar.LauncherJarPlugin),Set(Atom(com.typesafe.sbt.packager.archetypes.JavaAppPackaging))), Clause(Atom(com.typesafe.sbt.packager.archetypes.scripts.AshScriptPlugin),Set(Atom(com.typesafe.sbt.packager.archetypes.JavaAppPackaging))), Clause(Atom(com.typesafe.sbt.packager.archetypes.scripts.AshScriptPlugin),Set(Atom(com.typesafe.sbt.packager.archetypes.scripts.BashStartScriptPlugin))), Clause(Atom(com.typesafe.sbt.packager.archetypes.scripts.BashStartScriptPlugin),Set(Atom(com.typesafe.sbt.packager.archetypes.JavaAppPackaging))), Clause(Atom(com.typesafe.sbt.packager.archetypes.scripts.BatStartScriptPlugin),Set(Atom(com.typesafe.sbt.packager.archetypes.JavaAppPackaging))), Clause(Atom(com.typesafe.sbt.packager.archetypes.systemloader.SystemVPlugin),Set(Atom(com.typesafe.sbt.packager.archetypes.systemloader.SystemloaderPlugin))), Clause(Atom(com.typesafe.sbt.packager.archetypes.systemloader.SystemdPlugin),Set(Atom(com.typesafe.sbt.packager.archetypes.systemloader.SystemloaderPlugin))), Clause(Atom(com.typesafe.sbt.packager.archetypes.systemloader.SystemloaderPlugin),Set(Atom(com.typesafe.sbt.packager.debian.DebianPlugin))), Clause(Atom(com.typesafe.sbt.packager.archetypes.systemloader.SystemloaderPlugin),Set(Atom(com.typesafe.sbt.packager.rpm.RpmPlugin))), Clause(Atom(com.typesafe.sbt.packager.archetypes.systemloader.UpstartPlugin),Set(Atom(com.typesafe.sbt.packager.archetypes.systemloader.SystemloaderPlugin))), Clause(Atom(com.typesafe.sbt.packager.debian.DebianDeployPlugin),Set(Atom(com.typesafe.sbt.packager.debian.DebianPlugin))), Clause(Atom(com.typesafe.sbt.packager.debian.DebianPlugin),Set(Atom(com.typesafe.sbt.packager.linux.LinuxPlugin))), Clause(Atom(com.typesafe.sbt.packager.debian.JDebPackaging),Set(Atom(com.typesafe.sbt.packager.debian.DebianPlugin))), Clause(Atom(com.typesafe.sbt.packager.docker.DockerPlugin),Set(Atom(com.typesafe.sbt.packager.universal.UniversalPlugin))), Clause(Atom(com.typesafe.sbt.packager.docker.DockerSpotifyClientPlugin),Set(Atom(com.typesafe.sbt.packager.docker.DockerPlugin))), Clause(Atom(com.typesafe.sbt.packager.graalvmnativeimage.GraalVMNativeImagePlugin),Set(Atom(sbt.plugins.JvmPlugin))), Clause(Atom(com.typesafe.sbt.packager.jdkpackager.JDKPackagerDeployPlugin),Set(Atom(com.typesafe.sbt.packager.jdkpackager.JDKPackagerPlugin))), Clause(Atom(com.typesafe.sbt.packager.jdkpackager.JDKPackagerPlugin),Set(Atom(com.typesafe.sbt.packager.archetypes.JavaAppPackaging))), Clause(Atom(com.typesafe.sbt.packager.jdkpackager.JDKPackagerPlugin),Set(Atom(com.typesafe.sbt.packager.archetypes.jar.LauncherJarPlugin))), Clause(Atom(com.typesafe.sbt.packager.linux.LinuxPlugin),Set(Atom(com.typesafe.sbt.packager.universal.UniversalPlugin))), Clause(Atom(com.typesafe.sbt.packager.rpm.RpmDeployPlugin),Set(Atom(com.typesafe.sbt.packager.rpm.RpmPlugin))), Clause(Atom(com.typesafe.sbt.packager.rpm.RpmPlugin),Set(Atom(com.typesafe.sbt.packager.linux.LinuxPlugin))), Clause(Atom(com.typesafe.sbt.packager.universal.UniversalDeployPlugin),Set(Atom(com.typesafe.sbt.packager.universal.UniversalPlugin))), Clause(Atom(com.typesafe.sbt.packager.universal.UniversalPlugin),Set(Atom(com.typesafe.sbt.SbtNativePackager))), Clause(Atom(com.typesafe.sbt.packager.windows.WindowsDeployPlugin),Set(Atom(com.typesafe.sbt.packager.windows.WindowsPlugin))), Clause(Atom(com.typesafe.sbt.packager.windows.WindowsPlugin),Set(Atom(com.typesafe.sbt.packager.universal.UniversalPlugin))), Clause(Atom(com.lightbend.sbt.javaagent.JavaAgent),Set(Atom(sbt.plugins.JvmPlugin))), Clause(Atom(com.lightbend.sbt.javaagent.JavaAgentPackaging),Set(Atom(com.lightbend.sbt.javaagent.JavaAgent))), Clause(Atom(com.lightbend.sbt.javaagent.JavaAgentPackaging),Set(Atom(com.typesafe.sbt.packager.archetypes.JavaAppPackaging))), Clause(Atom(com.typesafe.sbt.web.SbtWeb),Set(Atom(sbt.plugins.JvmPlugin))), Clause(Atom(com.typesafe.sbt.jse.SbtJsEngine),Set(Atom(com.typesafe.sbt.web.SbtWeb))), Clause(Atom(com.typesafe.sbt.jse.SbtJsTask),Set(Atom(com.typesafe.sbt.jse.SbtJsEngine))), Clause(Atom(sbt.plugins.CorePlugin),Set(Atom(sbt.plugins.IvyPlugin))), Clause(Atom(sbt.plugins.IvyPlugin),Set(Atom(sbt.plugins.JvmPlugin))), Clause(Atom(sbt.plugins.JvmPlugin),Set(Atom(sbt.plugins.SemanticdbPlugin))), Clause(Atom(sbt.plugins.JvmPlugin),Set(Atom(sbt.plugins.JUnitXmlReportPlugin))), Clause(Atom(sbt.plugins.CorePlugin),Set(Atom(sbt.plugins.Giter8TemplatePlugin))), Clause(Atom(sbt.plugins.JvmPlugin),Set(Atom(sbt.plugins.MiniDependencyTreePlugin))), Clause(Atom(play.sbt.PlayService),Set(Atom(play.sbt.PlayAkkaHttpServer))), Clause(Atom(play.sbt.PlayWeb),Set(Atom(play.sbt.PlayFilters))), Clause(Atom(play.sbt.PlayWeb),Set(Atom(play.sbt.PlayLayoutPlugin))), Clause(Atom(play.sbt.PlayService),Set(Atom(play.sbt.PlayLogback))), Clause(Atom(com.typesafe.sbt.jse.SbtJsTask),Set(Atom(com.typesafe.sbt.less.SbtLess))), Clause(Atom(com.typesafe.sbt.packager.archetypes.JavaAppPackaging),Set(Atom(com.typesafe.sbt.packager.archetypes.scripts.BashStartScriptPlugin))), Clause(Atom(com.typesafe.sbt.packager.archetypes.JavaAppPackaging),Set(Atom(com.typesafe.sbt.packager.archetypes.scripts.BatStartScriptPlugin))), Clause(And(Set(Atom(com.lightbend.sbt.javaagent.JavaAgent), Atom(com.typesafe.sbt.packager.archetypes.JavaAppPackaging))),Set(Atom(com.lightbend.sbt.javaagent.JavaAgentPackaging))), Clause(Atom(com.typesafe.sbt.web.SbtWeb),Set(Atom(com.typesafe.sbt.jse.SbtJsEngine))), Clause(Atom(com.typesafe.sbt.jse.SbtJsEngine),Set(Atom(com.typesafe.sbt.jse.SbtJsTask)))))[0m
[0m[[0m[0mdebug[0m] [0m[0m  :: deduced result: Matched(sbt.plugins.CorePlugin,play.sbt.PlayScala,sbt.plugins.Giter8TemplatePlugin,sbt.plugins.IvyPlugin,play.sbt.PlayWeb,play.twirl.sbt.SbtTwirl,sbt.plugins.JvmPlugin,play.sbt.PlayService,play.sbt.PlayFilters,play.sbt.PlayLayoutPlugin,play.sbt.routes.RoutesCompiler,com.typesafe.sbt.jse.SbtJsTask,com.typesafe.sbt.packager.archetypes.JavaServerAppPackaging,sbt.plugins.SemanticdbPlugin,sbt.plugins.JUnitXmlReportPlugin,play.sbt.PlayLogback,com.typesafe.sbt.less.SbtLess,sbt.plugins.MiniDependencyTreePlugin,com.typesafe.sbt.jse.SbtJsEngine,play.sbt.PlayAkkaHttpServer,com.typesafe.sbt.web.SbtWeb,com.typesafe.sbt.packager.archetypes.JavaAppPackaging,com.typesafe.sbt.packager.rpm.RpmPlugin,com.typesafe.sbt.packager.archetypes.scripts.BashStartScriptPlugin,com.typesafe.sbt.packager.windows.WindowsPlugin,com.typesafe.sbt.packager.archetypes.scripts.BatStartScriptPlugin,com.typesafe.sbt.packager.docker.DockerPlugin,com.typesafe.sbt.packager.debian.DebianPlugin,com.typesafe.sbt.packager.universal.UniversalPlugin,com.typesafe.sbt.packager.linux.LinuxPlugin,com.typesafe.sbt.SbtNativePackager)[0m
[0m[[0m[0mdebug[0m] [0m[0mPlugins.deducer#function took 14.990626 ms[0m
[0m[[0m[0minfo[0m] [0m[0mloading settings for project root from build.sbt ...[0m
[0m[[0m[0mdebug[0m] [0m[0m        Load.resolveProject(root) took 172.304611ms[0m
[0m[[0m[0mdebug[0m] [0m[0m      Load.loadTransitive: finalizeProject(Project(id root, base: /Users/ginakokoska/IdeaProjects/HTWG/AIN5/Webapplikation/checkers_wa, plugins: List(play.sbt.PlayScala))) took 190.841724ms[0m
[0m[[0m[0mdebug[0m] [0m[0m[Loading] Done in /Users/ginakokoska/IdeaProjects/HTWG/AIN5/Webapplikation/checkers_wa, returning: (root)[0m
[0m[[0m[0mdebug[0m] [0m[0m    Load.loadUnit: loadedProjectsRaw took 314.602142ms[0m
[0m[[0m[0mdebug[0m] [0m[0m    Load.loadUnit: cleanEvalClasses took 1.825555ms[0m
[0m[[0m[0mdebug[0m] [0m[0m  Load.loadUnit(file:/Users/ginakokoska/IdeaProjects/HTWG/AIN5/Webapplikation/checkers_wa/, ...) took 1413.008678ms[0m
[0m[[0m[0mdebug[0m] [0m[0mLoad.apply: load took 1415.02809ms[0m
[0m[[0m[0mdebug[0m] [0m[0mLoad.apply: resolveProjects took 0.119184ms[0m
[0m[[0m[0mdebug[0m] [0m[0mLoad.apply: finalTransforms took 27.448637ms[0m
[0m[[0m[0mdebug[0m] [0m[0mLoad.apply: config.delegates took 4.399452ms[0m
[0m[[0m[0mdebug[0m] [0m[0mLoad.apply: Def.make(settings)... took 154.467295ms[0m
[0m[[0m[0mdebug[0m] [0m[0mLoad.apply: structureIndex took 39.523644ms[0m
[0m[[0m[0mdebug[0m] [0m[0mLoad.apply: mkStreams took 0.002769ms[0m
[0m[[0m[0minfo[0m] [0m[0mset current project to Checkers_WA (in build file:/Users/ginakokoska/IdeaProjects/HTWG/AIN5/Webapplikation/checkers_wa/)[0m
[0m[[0m[0mdebug[0m] [0m[0m> Exec(sbtPopOnFailure, None, None)[0m
[0m[[0m[0mdebug[0m] [0m[0m> Exec(resumeFromFailure, None, None)[0m
[0m[[0m[0mdebug[0m] [0m[0m> Exec(notifyUsersAboutShell, None, None)[0m
[0m[[0m[0mdebug[0m] [0m[0m> Exec(iflast shell, None, None)[0m
[0m[[0m[0mdebug[0m] [0m[0m> Exec(run, None, None)[0m
[0m[[0m[0mdebug[0m] [0m[0mEvaluating tasks: Compile / run[0m
[0m[[0m[0mdebug[0m] [0m[0mRunning task... Cancel: Signal, check cycles: false, forcegc: true[0m
[0m[[0m[0mdebug[0m] [0m[0mRunning task... Cancel: Signal, check cycles: false, forcegc: true[0m
[0m[[0m[0minfo[0m] [0m[0mcompiling 3 Scala sources to /Users/ginakokoska/IdeaProjects/HTWG/AIN5/Webapplikation/checkers_wa/target/scala-2.13/classes ...[0m
[0m[[0m[0mdebug[0m] [0m[0mRunning task... Cancel: Signal, check cycles: false, forcegc: true[0m
[0m[[0m[0mdebug[0m] [0m[0mExporting web-assets:checkers_wa[0m
[0m[[0m[0mdebug[0m] [0m[0mRunning task... Cancel: Signal, check cycles: false, forcegc: true[0m
[0m[[0m[0mdebug[0m] [0m[0mRunning task... Cancel: Signal, check cycles: false, forcegc: true[0m
[0m[[0m[0minfo[0m] [0m[0mcompiling 1 Scala source to /Users/ginakokoska/IdeaProjects/HTWG/AIN5/Webapplikation/checkers_wa/target/scala-2.13/classes ...[0m
[0m[[0m[0mdebug[0m] [0m[0mRunning task... Cancel: Signal, check cycles: false, forcegc: true[0m
[0m[[0m[0mdebug[0m] [0m[0mExporting web-assets:checkers_wa[0m
[0m[[0m[0mdebug[0m] [0m[0mRunning task... Cancel: Signal, check cycles: false, forcegc: true[0m
[0m[[0m[0mdebug[0m] [0m[0mRunning task... Cancel: Signal, check cycles: false, forcegc: true[0m
[0m[[0m[0minfo[0m] [0m[0mcompiling 1 Scala source to /Users/ginakokoska/IdeaProjects/HTWG/AIN5/Webapplikation/checkers_wa/target/scala-2.13/classes ...[0m
[0m[[0m[0mdebug[0m] [0m[0mRunning task... Cancel: Signal, check cycles: false, forcegc: true[0m
[0m[[0m[0mdebug[0m] [0m[0mExporting web-assets:checkers_wa[0m
[0m[[0m[0mdebug[0m] [0m[0mRunning task... Cancel: Signal, check cycles: false, forcegc: true[0m
[0m[[0m[0mdebug[0m] [0m[0mRunning task... Cancel: Signal, check cycles: false, forcegc: true[0m
[0m[[0m[0minfo[0m] [0m[0mcompiling 1 Scala source to /Users/ginakokoska/IdeaProjects/HTWG/AIN5/Webapplikation/checkers_wa/target/scala-2.13/classes ...[0m
[0m[[0m[0mdebug[0m] [0m[0mRunning task... Cancel: Signal, check cycles: false, forcegc: true[0m
[0m[[0m[0mdebug[0m] [0m[0mExporting web-assets:checkers_wa[0m
[0m[[0m[0mdebug[0m] [0m[0mRunning task... Cancel: Signal, check cycles: false, forcegc: true[0m
[0m[[0m[0mdebug[0m] [0m[0mRunning task... Cancel: Signal, check cycles: false, forcegc: true[0m
[0m[[0m[0minfo[0m] [0m[0mcompiling 1 Scala source to /Users/ginakokoska/IdeaProjects/HTWG/AIN5/Webapplikation/checkers_wa/target/scala-2.13/classes ...[0m
[0m[[0m[0minfo[0m] [0m[0mLESS compiling on 1 source(s)[0m
[0m[[0m[0mdebug[0m] [0m[0mRunning task... Cancel: Signal, check cycles: false, forcegc: true[0m
[0m[[0m[0mdebug[0m] [0m[0mExporting web-assets:checkers_wa[0m
[0m[[0m[0mdebug[0m] [0m[0mRunning task... Cancel: Signal, check cycles: false, forcegc: true[0m
[0m[[0m[0mdebug[0m] [0m[0mRunning task... Cancel: Signal, check cycles: false, forcegc: true[0m
[0m[[0m[0minfo[0m] [0m[0mLESS compiling on 1 source(s)[0m
[0m[[0m[0mdebug[0m] [0m[0mRunning task... Cancel: Signal, check cycles: false, forcegc: true[0m
[0m[[0m[0mdebug[0m] [0m[0mExporting web-assets:checkers_wa[0m
[0m[[0m[0mdebug[0m] [0m[0mRunning task... Cancel: Signal, check cycles: false, forcegc: true[0m
[0m[[0m[0mdebug[0m] [0m[0mRunning task... Cancel: Signal, check cycles: false, forcegc: true[0m
[0m[[0m[0minfo[0m] [0m[0mcompiling 1 Scala source to /Users/ginakokoska/IdeaProjects/HTWG/AIN5/Webapplikation/checkers_wa/target/scala-2.13/classes ...[0m
[0m[[0m[0minfo[0m] [0m[0mLESS compiling on 1 source(s)[0m
[0m[[0m[0mdebug[0m] [0m[0mForcing garbage collection...[0m
[0m[[0m[0mdebug[0m] [0m[0mRunning task... Cancel: Signal, check cycles: false, forcegc: true[0m
[0m[[0m[0mdebug[0m] [0m[0mExporting web-assets:checkers_wa[0m
[0m[[0m[0mdebug[0m] [0m[0mRunning task... Cancel: Signal, check cycles: false, forcegc: true[0m
[0m[[0m[0mdebug[0m] [0m[0mRunning task... Cancel: Signal, check cycles: false, forcegc: true[0m
[0m[[0m[0minfo[0m] [0m[0mcompiling 1 Scala source to /Users/ginakokoska/IdeaProjects/HTWG/AIN5/Webapplikation/checkers_wa/target/scala-2.13/classes ...[0m
[0m[[0m[0mdebug[0m] [0m[0mRunning task... Cancel: Signal, check cycles: false, forcegc: true[0m
[0m[[0m[0mdebug[0m] [0m[0mExporting web-assets:checkers_wa[0m
[0m[[0m[0mdebug[0m] [0m[0mRunning task... Cancel: Signal, check cycles: false, forcegc: true[0m
[0m[[0m[0mdebug[0m] [0m[0mRunning task... Cancel: Signal, check cycles: false, forcegc: true[0m
[0m[[0m[0minfo[0m] [0m[0mcompiling 1 Scala source to /Users/ginakokoska/IdeaProjects/HTWG/AIN5/Webapplikation/checkers_wa/target/scala-2.13/classes ...[0m
[0m[[0m[0mdebug[0m] [0m[0mRunning task... Cancel: Signal, check cycles: false, forcegc: true[0m
[0m[[0m[0mdebug[0m] [0m[0mExporting web-assets:checkers_wa[0m
[0m[[0m[0mdebug[0m] [0m[0mRunning task... Cancel: Signal, check cycles: false, forcegc: true[0m
[0m[[0m[0mdebug[0m] [0m[0mRunning task... Cancel: Signal, check cycles: false, forcegc: true[0m
[0m[[0m[0minfo[0m] [0m[0mcompiling 1 Scala source to /Users/ginakokoska/IdeaProjects/HTWG/AIN5/Webapplikation/checkers_wa/target/scala-2.13/classes ...[0m
[0m[[0m[0mdebug[0m] [0m[0mRunning task... Cancel: Signal, check cycles: false, forcegc: true[0m
[0m[[0m[0mdebug[0m] [0m[0mExporting web-assets:checkers_wa[0m
[0m[[0m[0mdebug[0m] [0m[0mRunning task... Cancel: Signal, check cycles: false, forcegc: true[0m
[0m[[0m[0mdebug[0m] [0m[0mRunning task... Cancel: Signal, check cycles: false, forcegc: true[0m
[0m[[0m[0minfo[0m] [0m[0mcompiling 1 Scala source to /Users/ginakokoska/IdeaProjects/HTWG/AIN5/Webapplikation/checkers_wa/target/scala-2.13/classes ...[0m
[0m[[0m[0mdebug[0m] [0m[0mRunning task... Cancel: Signal, check cycles: false, forcegc: true[0m
[0m[[0m[0mdebug[0m] [0m[0mExporting web-assets:checkers_wa[0m
[0m[[0m[0mdebug[0m] [0m[0mRunning task... Cancel: Signal, check cycles: false, forcegc: true[0m
[0m[[0m[0mdebug[0m] [0m[0mRunning task... Cancel: Signal, check cycles: false, forcegc: true[0m
[0m[[0m[0minfo[0m] [0m[0mcompiling 1 Scala source to /Users/ginakokoska/IdeaProjects/HTWG/AIN5/Webapplikation/checkers_wa/target/scala-2.13/classes ...[0m
[0m[[0m[0mdebug[0m] [0m[0mRunning task... Cancel: Signal, check cycles: false, forcegc: true[0m
[0m[[0m[0mdebug[0m] [0m[0mExporting web-assets:checkers_wa[0m
[0m[[0m[0mdebug[0m] [0m[0mRunning task... Cancel: Signal, check cycles: false, forcegc: true[0m
[0m[[0m[0mdebug[0m] [0m[0mRunning task... Cancel: Signal, check cycles: false, forcegc: true[0m
[0m[[0m[0minfo[0m] [0m[0mcompiling 1 Scala source to /Users/ginakokoska/IdeaProjects/HTWG/AIN5/Webapplikation/checkers_wa/target/scala-2.13/classes ...[0m
[0m[[0m[0mdebug[0m] [0m[0mRunning task... Cancel: Signal, check cycles: false, forcegc: true[0m
[0m[[0m[0mdebug[0m] [0m[0mExporting web-assets:checkers_wa[0m
[0m[[0m[0mdebug[0m] [0m[0mRunning task... Cancel: Signal, check cycles: false, forcegc: true[0m
[0m[[0m[0mdebug[0m] [0m[0mRunning task... Cancel: Signal, check cycles: false, forcegc: true[0m
[0m[[0m[0minfo[0m] [0m[0mcompiling 1 Scala source to /Users/ginakokoska/IdeaProjects/HTWG/AIN5/Webapplikation/checkers_wa/target/scala-2.13/classes ...[0m
[0m[[0m[0mdebug[0m] [0m[0mRunning task... Cancel: Signal, check cycles: false, forcegc: true[0m
[0m[[0m[0mdebug[0m] [0m[0mExporting web-assets:checkers_wa[0m
[0m[[0m[0mdebug[0m] [0m[0mRunning task... Cancel: Signal, check cycles: false, forcegc: true[0m
[0m[[0m[0mdebug[0m] [0m[0mRunning task... Cancel: Signal, check cycles: false, forcegc: true[0m
[0m[[0m[0minfo[0m] [0m[0mcompiling 1 Scala source to /Users/ginakokoska/IdeaProjects/HTWG/AIN5/Webapplikation/checkers_wa/target/scala-2.13/classes ...[0m
[0m[[0m[0mdebug[0m] [0m[0mRunning task... Cancel: Signal, check cycles: false, forcegc: true[0m
[0m[[0m[0mdebug[0m] [0m[0mExporting web-assets:checkers_wa[0m
[0m[[0m[0mdebug[0m] [0m[0mRunning task... Cancel: Signal, check cycles: false, forcegc: true[0m
[0m[[0m[0mdebug[0m] [0m[0mRunning task... Cancel: Signal, check cycles: false, forcegc: true[0m
[0m[[0m[0minfo[0m] [0m[0mcompiling 1 Scala source to /Users/ginakokoska/IdeaProjects/HTWG/AIN5/Webapplikation/checkers_wa/target/scala-2.13/classes ...[0m
[0m[[0m[0minfo[0m] [0m[0mLESS compiling on 1 source(s)[0m
[0m[[0m[0mdebug[0m] [0m[0mRunning task... Cancel: Signal, check cycles: false, forcegc: true[0m
[0m[[0m[0mdebug[0m] [0m[0mExporting web-assets:checkers_wa[0m
[0m[[0m[0mdebug[0m] [0m[0mRunning task... Cancel: Signal, check cycles: false, forcegc: true[0m
[0m[[0m[0mdebug[0m] [0m[0mRunning task... Cancel: Signal, check cycles: false, forcegc: true[0m
[0m[[0m[0minfo[0m] [0m[0mcompiling 1 Scala source to /Users/ginakokoska/IdeaProjects/HTWG/AIN5/Webapplikation/checkers_wa/target/scala-2.13/classes ...[0m
[0m[[0m[0mdebug[0m] [0m[0mForcing garbage collection...[0m
[0m[[0m[0mdebug[0m] [0m[0mRunning task... Cancel: Signal, check cycles: false, forcegc: true[0m
[0m[[0m[0mdebug[0m] [0m[0mExporting web-assets:checkers_wa[0m
[0m[[0m[0mdebug[0m] [0m[0mRunning task... Cancel: Signal, check cycles: false, forcegc: true[0m
[0m[[0m[0mdebug[0m] [0m[0mRunning task... Cancel: Signal, check cycles: false, forcegc: true[0m
[0m[[0m[0minfo[0m] [0m[0mcompiling 1 Scala source to /Users/ginakokoska/IdeaProjects/HTWG/AIN5/Webapplikation/checkers_wa/target/scala-2.13/classes ...[0m
[0m[[0m[0minfo[0m] [0m[0mLESS compiling on 1 source(s)[0m
[0m[[0m[0mdebug[0m] [0m[0mRunning task... Cancel: Signal, check cycles: false, forcegc: true[0m
[0m[[0m[0mdebug[0m] [0m[0mExporting web-assets:checkers_wa[0m
[0m[[0m[0mdebug[0m] [0m[0mRunning task... Cancel: Signal, check cycles: false, forcegc: true[0m
[0m[[0m[0mdebug[0m] [0m[0mRunning task... Cancel: Signal, check cycles: false, forcegc: true[0m
[0m[[0m[0minfo[0m] [0m[0mcompiling 1 Scala source to /Users/ginakokoska/IdeaProjects/HTWG/AIN5/Webapplikation/checkers_wa/target/scala-2.13/classes ...[0m
[0m[[0m[0mdebug[0m] [0m[0mRunning task... Cancel: Signal, check cycles: false, forcegc: true[0m
[0m[[0m[0mdebug[0m] [0m[0mExporting web-assets:checkers_wa[0m
[0m[[0m[0mdebug[0m] [0m[0mRunning task... Cancel: Signal, check cycles: false, forcegc: true[0m
[0m[[0m[0mdebug[0m] [0m[0mRunning task... Cancel: Signal, check cycles: false, forcegc: true[0m
[0m[[0m[31merror[0m] [0m[0m[Error] /Users/ginakokoska/IdeaProjects/HTWG/AIN5/Webapplikation/checkers_wa/app/views/checkers_game.scala.html:85[0m
[0m[[0m[31merror[0m] [0m[0m      }: Not parsed?[0m
[0m[[0m[31merror[0m] [0m[0m(Compile / [31mtwirlCompileTemplates[0m) Twirl compilation failed[0m
[0m[[0m[0mdebug[0m] [0m[0mRunning task... Cancel: Signal, check cycles: false, forcegc: true[0m
[0m[[0m[0mdebug[0m] [0m[0mRunning task... Cancel: Signal, check cycles: false, forcegc: true[0m
[0m[[0m[0minfo[0m] [0m[0mcompiling 2 Scala sources to /Users/ginakokoska/IdeaProjects/HTWG/AIN5/Webapplikation/checkers_wa/target/scala-2.13/classes ...[0m
[0m[[0m[0minfo[0m] [0m[0mLESS compiling on 1 source(s)[0m
[0m[[0m[31merror[0m] [0m[0m/Users/ginakokoska/IdeaProjects/HTWG/AIN5/Webapplikation/checkers_wa/app/assets/stylesheets/say.less:2:34: Unrecognised input. Possibly missing opening '{'[0m
[0m[[0m[31merror[0m] [0m[0m@size= @{controller.gameBoardSize}[0m
[0m[[0m[31merror[0m] [0m[0m                                 ^[0m
[0m[[0m[31merror[0m] [0m[0mone error found[0m
[0m[[0m[31merror[0m] [0m[0m(Web-assets / [31mless[0m) com.typesafe.sbt.web.CompileProblemsException[0m
[0m[[0m[0mdebug[0m] [0m[0mRunning task... Cancel: Signal, check cycles: false, forcegc: true[0m
[0m[[0m[0mdebug[0m] [0m[0mRunning task... Cancel: Signal, check cycles: false, forcegc: true[0m
[0m[[0m[0minfo[0m] [0m[0mLESS compiling on 1 source(s)[0m
[0m[[0m[31merror[0m] [0m[0m/Users/ginakokoska/IdeaProjects/HTWG/AIN5/Webapplikation/checkers_wa/app/assets/stylesheets/say.less:117:24: Unrecognised input[0m
[0m[[0m[31merror[0m] [0m[0m    width: 1.2em * size;[0m
[0m[[0m[31merror[0m] [0m[0m                       ^[0m
[0m[[0m[31merror[0m] [0m[0mone error found[0m
[0m[[0m[31merror[0m] [0m[0m(Web-assets / [31mless[0m) com.typesafe.sbt.web.CompileProblemsException[0m
[0m[[0m[0mdebug[0m] [0m[0mRunning task... Cancel: Signal, check cycles: false, forcegc: true[0m
[0m[[0m[0mdebug[0m] [0m[0mRunning task... Cancel: Signal, check cycles: false, forcegc: true[0m
[0m[[0m[0minfo[0m] [0m[0mLESS compiling on 1 source(s)[0m
[0m[[0m[31merror[0m] [0m[0m/Users/ginakokoska/IdeaProjects/HTWG/AIN5/Webapplikation/checkers_wa/app/assets/stylesheets/say.less:117:22: Unrecognised input[0m
[0m[[0m[31merror[0m] [0m[0m    width: 1.2em*size;[0m
[0m[[0m[31merror[0m] [0m[0m                     ^[0m
[0m[[0m[31merror[0m] [0m[0mone error found[0m
[0m[[0m[31merror[0m] [0m[0m(Web-assets / [31mless[0m) com.typesafe.sbt.web.CompileProblemsException[0m
[0m[[0m[0mdebug[0m] [0m[0mRunning task... Cancel: Signal, check cycles: false, forcegc: true[0m
[0m[[0m[0mdebug[0m] [0m[0mRunning task... Cancel: Signal, check cycles: false, forcegc: true[0m
[0m[[0m[0minfo[0m] [0m[0mLESS compiling on 1 source(s)[0m
[0m[[0m[31merror[0m] [0m[0m/Users/ginakokoska/IdeaProjects/HTWG/AIN5/Webapplikation/checkers_wa/app/assets/stylesheets/say.less:117:22: Unrecognised input[0m
[0m[[0m[31merror[0m] [0m[0m    width: 1.2em*size;[0m
[0m[[0m[31merror[0m] [0m[0m                     ^[0m
[0m[[0m[31merror[0m] [0m[0mone error found[0m
[0m[[0m[31merror[0m] [0m[0m(Web-assets / [31mless[0m) com.typesafe.sbt.web.CompileProblemsException[0m
[0m[[0m[0mdebug[0m] [0m[0mRunning task... Cancel: Signal, check cycles: false, forcegc: true[0m
[0m[[0m[0mdebug[0m] [0m[0mRunning task... Cancel: Signal, check cycles: false, forcegc: true[0m
[0m[[0m[0minfo[0m] [0m[0mcompiling 1 Scala source to /Users/ginakokoska/IdeaProjects/HTWG/AIN5/Webapplikation/checkers_wa/target/scala-2.13/classes ...[0m
[0m[[0m[0minfo[0m] [0m[0mLESS compiling on 1 source(s)[0m
[0m[[0m[31merror[0m] [0m[0m/Users/ginakokoska/IdeaProjects/HTWG/AIN5/Webapplikation/checkers_wa/app/assets/stylesheets/say.less:116:22: Unrecognised input[0m
[0m[[0m[31merror[0m] [0m[0m    width: 1.2em*size;[0m
[0m[[0m[31merror[0m] [0m[0m                     ^[0m
[0m[[0m[31merror[0m] [0m[0mone error found[0m
[0m[[0m[0mdebug[0m] [0m[0mForcing garbage collection...[0m
[0m[[0m[31merror[0m] [0m[0m(Web-assets / [31mless[0m) com.typesafe.sbt.web.CompileProblemsException[0m
[0m[[0m[0mdebug[0m] [0m[0mRunning task... Cancel: Signal, check cycles: false, forcegc: true[0m
[0m[[0m[0mdebug[0m] [0m[0mRunning task... Cancel: Signal, check cycles: false, forcegc: true[0m
[0m[[0m[0minfo[0m] [0m[0mcompiling 1 Scala source to /Users/ginakokoska/IdeaProjects/HTWG/AIN5/Webapplikation/checkers_wa/target/scala-2.13/classes ...[0m
[0m[[0m[0minfo[0m] [0m[0mLESS compiling on 1 source(s)[0m
[0m[[0m[0mdebug[0m] [0m[0mRunning task... Cancel: Signal, check cycles: false, forcegc: true[0m
[0m[[0m[0mdebug[0m] [0m[0mExporting web-assets:checkers_wa[0m
[0m[[0m[0mdebug[0m] [0m[0mRunning task... Cancel: Signal, check cycles: false, forcegc: true[0m
[0m[[0m[0mdebug[0m] [0m[0mRunning task... Cancel: Signal, check cycles: false, forcegc: true[0m
[0m[[0m[0minfo[0m] [0m[0mLESS compiling on 1 source(s)[0m
[0m[[0m[0mdebug[0m] [0m[0mForcing garbage collection...[0m
[0m[[0m[0mdebug[0m] [0m[0mRunning task... Cancel: Signal, check cycles: false, forcegc: true[0m
[0m[[0m[0mdebug[0m] [0m[0mExporting web-assets:checkers_wa[0m
[0m[[0m[0mdebug[0m] [0m[0mRunning task... Cancel: Signal, check cycles: false, forcegc: true[0m
[0m[[0m[0mdebug[0m] [0m[0mRunning task... Cancel: Signal, check cycles: false, forcegc: true[0m
[0m[[0m[0minfo[0m] [0m[0mcompiling 1 Scala source to /Users/ginakokoska/IdeaProjects/HTWG/AIN5/Webapplikation/checkers_wa/target/scala-2.13/classes ...[0m
[0m[[0m[0mdebug[0m] [0m[0mRunning task... Cancel: Signal, check cycles: false, forcegc: true[0m
[0m[[0m[0mdebug[0m] [0m[0mExporting web-assets:checkers_wa[0m
[0m[[0m[0mdebug[0m] [0m[0mRunning task... Cancel: Signal, check cycles: false, forcegc: true[0m
[0m[[0m[0mdebug[0m] [0m[0mRunning task... Cancel: Signal, check cycles: false, forcegc: true[0m
[0m[[0m[0minfo[0m] [0m[0mcompiling 1 Scala source to /Users/ginakokoska/IdeaProjects/HTWG/AIN5/Webapplikation/checkers_wa/target/scala-2.13/classes ...[0m
[0m[[0m[0mdebug[0m] [0m[0mRunning task... Cancel: Signal, check cycles: false, forcegc: true[0m
[0m[[0m[0mdebug[0m] [0m[0mExporting web-assets:checkers_wa[0m
[0m[[0m[0mdebug[0m] [0m[0mRunning task... Cancel: Signal, check cycles: false, forcegc: true[0m
[0m[[0m[0mdebug[0m] [0m[0mRunning task... Cancel: Signal, check cycles: false, forcegc: true[0m
[0m[[0m[0minfo[0m] [0m[0mcompiling 1 Scala source to /Users/ginakokoska/IdeaProjects/HTWG/AIN5/Webapplikation/checkers_wa/target/scala-2.13/classes ...[0m
[0m[[0m[0mdebug[0m] [0m[0mRunning task... Cancel: Signal, check cycles: false, forcegc: true[0m
[0m[[0m[0mdebug[0m] [0m[0mExporting web-assets:checkers_wa[0m
[0m[[0m[0mdebug[0m] [0m[0mRunning task... Cancel: Signal, check cycles: false, forcegc: true[0m
[0m[[0m[0mdebug[0m] [0m[0mRunning task... Cancel: Signal, check cycles: false, forcegc: true[0m
[0m[[0m[0minfo[0m] [0m[0mcompiling 1 Scala source to /Users/ginakokoska/IdeaProjects/HTWG/AIN5/Webapplikation/checkers_wa/target/scala-2.13/classes ...[0m
[0m[[0m[0mdebug[0m] [0m[0mRunning task... Cancel: Signal, check cycles: false, forcegc: true[0m
[0m[[0m[0mdebug[0m] [0m[0mExporting web-assets:checkers_wa[0m
[0m[[0m[0mdebug[0m] [0m[0mRunning task... Cancel: Signal, check cycles: false, forcegc: true[0m
[0m[[0m[0mdebug[0m] [0m[0mRunning task... Cancel: Signal, check cycles: false, forcegc: true[0m
[0m[[0m[0minfo[0m] [0m[0mcompiling 1 Scala source to /Users/ginakokoska/IdeaProjects/HTWG/AIN5/Webapplikation/checkers_wa/target/scala-2.13/classes ...[0m
[0m[[0m[0mdebug[0m] [0m[0mRunning task... Cancel: Signal, check cycles: false, forcegc: true[0m
[0m[[0m[0mdebug[0m] [0m[0mExporting web-assets:checkers_wa[0m
[0m[[0m[0mdebug[0m] [0m[0mRunning task... Cancel: Signal, check cycles: false, forcegc: true[0m
[0m[[0m[0mdebug[0m] [0m[0mRunning task... Cancel: Signal, check cycles: false, forcegc: true[0m
[0m[[0m[0minfo[0m] [0m[0mcompiling 1 Scala source to /Users/ginakokoska/IdeaProjects/HTWG/AIN5/Webapplikation/checkers_wa/target/scala-2.13/classes ...[0m
[0m[[0m[0mdebug[0m] [0m[0mRunning task... Cancel: Signal, check cycles: false, forcegc: true[0m
[0m[[0m[0mdebug[0m] [0m[0mExporting web-assets:checkers_wa[0m
[0m[[0m[0mdebug[0m] [0m[0mRunning task... Cancel: Signal, check cycles: false, forcegc: true[0m
[0m[[0m[0mdebug[0m] [0m[0mRunning task... Cancel: Signal, check cycles: false, forcegc: true[0m
[0m[[0m[0minfo[0m] [0m[0mcompiling 1 Scala source to /Users/ginakokoska/IdeaProjects/HTWG/AIN5/Webapplikation/checkers_wa/target/scala-2.13/classes ...[0m
[0m[[0m[0minfo[0m] [0m[0mLESS compiling on 1 source(s)[0m
[0m[[0m[0mdebug[0m] [0m[0mRunning task... Cancel: Signal, check cycles: false, forcegc: true[0m
[0m[[0m[0mdebug[0m] [0m[0mExporting web-assets:checkers_wa[0m
[0m[[0m[0mdebug[0m] [0m[0mRunning task... Cancel: Signal, check cycles: false, forcegc: true[0m
[0m[[0m[0mdebug[0m] [0m[0mRunning task... Cancel: Signal, check cycles: false, forcegc: true[0m
[0m[[0m[0minfo[0m] [0m[0mLESS compiling on 1 source(s)[0m
[0m[[0m[0mdebug[0m] [0m[0mRunning task... Cancel: Signal, check cycles: false, forcegc: true[0m
[0m[[0m[0mdebug[0m] [0m[0mExporting web-assets:checkers_wa[0m
[0m[[0m[0mdebug[0m] [0m[0mRunning task... Cancel: Signal, check cycles: false, forcegc: true[0m
[0m[[0m[0mdebug[0m] [0m[0mRunning task... Cancel: Signal, check cycles: false, forcegc: true[0m
[0m[[0m[0minfo[0m] [0m[0mLESS compiling on 1 source(s)[0m
[0m[[0m[0mdebug[0m] [0m[0mRunning task... Cancel: Signal, check cycles: false, forcegc: true[0m
[0m[[0m[0mdebug[0m] [0m[0mExporting web-assets:checkers_wa[0m
[0m[[0m[0mdebug[0m] [0m[0mRunning task... Cancel: Signal, check cycles: false, forcegc: true[0m
[0m[[0m[0mdebug[0m] [0m[0mRunning task... Cancel: Signal, check cycles: false, forcegc: true[0m
[0m[[0m[0minfo[0m] [0m[0mLESS compiling on 1 source(s)[0m
[0m[[0m[31merror[0m] [0m[0m/Users/ginakokoska/IdeaProjects/HTWG/AIN5/Webapplikation/checkers_wa/app/assets/stylesheets/say.less:136:43: Could not parse call arguments or missing ')'[0m
[0m[[0m[31merror[0m] [0m[0m    grid-template-columns: repeat(3, 20px [col-start]);[0m
[0m[[0m[31merror[0m] [0m[0m                                          ^[0m
[0m[[0m[31merror[0m] [0m[0mone error found[0m
[0m[[0m[0mdebug[0m] [0m[0mForcing garbage collection...[0m
[0m[[0m[31merror[0m] [0m[0m(Web-assets / [31mless[0m) com.typesafe.sbt.web.CompileProblemsException[0m
[0m[[0m[0mdebug[0m] [0m[0mRunning task... Cancel: Signal, check cycles: false, forcegc: true[0m
[0m[[0m[0mdebug[0m] [0m[0mRunning task... Cancel: Signal, check cycles: false, forcegc: true[0m
[0m[[0m[0minfo[0m] [0m[0mcompiling 1 Scala source to /Users/ginakokoska/IdeaProjects/HTWG/AIN5/Webapplikation/checkers_wa/target/scala-2.13/classes ...[0m
[0m[[0m[0minfo[0m] [0m[0mLESS compiling on 1 source(s)[0m
[0m[[0m[31merror[0m] [0m[0m/Users/ginakokoska/IdeaProjects/HTWG/AIN5/Webapplikation/checkers_wa/app/assets/stylesheets/say.less:136:43: Could not parse call arguments or missing ')'[0m
[0m[[0m[31merror[0m] [0m[0m    grid-template-columns: repeat(3, 20px [col-start]);[0m
[0m[[0m[31merror[0m] [0m[0m                                          ^[0m
[0m[[0m[31merror[0m] [0m[0mone error found[0m
[0m[[0m[31merror[0m] [0m[0m(Web-assets / [31mless[0m) com.typesafe.sbt.web.CompileProblemsException[0m
[0m[[0m[0mdebug[0m] [0m[0mRunning task... Cancel: Signal, check cycles: false, forcegc: true[0m
[0m[[0m[0mdebug[0m] [0m[0mRunning task... Cancel: Signal, check cycles: false, forcegc: true[0m
[0m[[0m[0minfo[0m] [0m[0mLESS compiling on 1 source(s)[0m
[0m[[0m[0mdebug[0m] [0m[0mRunning task... Cancel: Signal, check cycles: false, forcegc: true[0m
[0m[[0m[0mdebug[0m] [0m[0mExporting web-assets:checkers_wa[0m
[0m[[0m[0mdebug[0m] [0m[0mRunning task... Cancel: Signal, check cycles: false, forcegc: true[0m
[0m[[0m[0mdebug[0m] [0m[0mRunning task... Cancel: Signal, check cycles: false, forcegc: true[0m
[0m[[0m[0minfo[0m] [0m[0mLESS compiling on 1 source(s)[0m
[0m[[0m[0mdebug[0m] [0m[0mRunning task... Cancel: Signal, check cycles: false, forcegc: true[0m
[0m[[0m[0mdebug[0m] [0m[0mExporting web-assets:checkers_wa[0m
[0m[[0m[0mdebug[0m] [0m[0mRunning task... Cancel: Signal, check cycles: false, forcegc: true[0m
[0m[[0m[0mdebug[0m] [0m[0mRunning task... Cancel: Signal, check cycles: false, forcegc: true[0m
[0m[[0m[0minfo[0m] [0m[0mLESS compiling on 1 source(s)[0m
[0m[[0m[0mdebug[0m] [0m[0mRunning task... Cancel: Signal, check cycles: false, forcegc: true[0m
[0m[[0m[0mdebug[0m] [0m[0mExporting web-assets:checkers_wa[0m
[0m[[0m[0mdebug[0m] [0m[0mRunning task... Cancel: Signal, check cycles: false, forcegc: true[0m
[0m[[0m[0mdebug[0m] [0m[0mRunning task... Cancel: Signal, check cycles: false, forcegc: true[0m
[0m[[0m[0minfo[0m] [0m[0mLESS compiling on 1 source(s)[0m
[0m[[0m[0mdebug[0m] [0m[0mRunning task... Cancel: Signal, check cycles: false, forcegc: true[0m
[0m[[0m[0mdebug[0m] [0m[0mExporting web-assets:checkers_wa[0m
[0m[[0m[0mdebug[0m] [0m[0mRunning task... Cancel: Signal, check cycles: false, forcegc: true[0m
[0m[[0m[0mdebug[0m] [0m[0mRunning task... Cancel: Signal, check cycles: false, forcegc: true[0m
[0m[[0m[0minfo[0m] [0m[0mcompiling 1 Scala source to /Users/ginakokoska/IdeaProjects/HTWG/AIN5/Webapplikation/checkers_wa/target/scala-2.13/classes ...[0m
[0m[[0m[0minfo[0m] [0m[0mLESS compiling on 1 source(s)[0m
[0m[[0m[0mdebug[0m] [0m[0mRunning task... Cancel: Signal, check cycles: false, forcegc: true[0m
[0m[[0m[0mdebug[0m] [0m[0mExporting web-assets:checkers_wa[0m
[0m[[0m[0mdebug[0m] [0m[0mRunning task... Cancel: Signal, check cycles: false, forcegc: true[0m
[0m[[0m[0mdebug[0m] [0m[0mRunning task... Cancel: Signal, check cycles: false, forcegc: true[0m
[0m[[0m[0minfo[0m] [0m[0mLESS compiling on 1 source(s)[0m
[0m[[0m[0mdebug[0m] [0m[0mRunning task... Cancel: Signal, check cycles: false, forcegc: true[0m
[0m[[0m[0mdebug[0m] [0m[0mExporting web-assets:checkers_wa[0m
[0m[[0m[0mdebug[0m] [0m[0mRunning task... Cancel: Signal, check cycles: false, forcegc: true[0m
[0m[[0m[0mdebug[0m] [0m[0mRunning task... Cancel: Signal, check cycles: false, forcegc: true[0m
[0m[[0m[0minfo[0m] [0m[0mcompiling 1 Scala source to /Users/ginakokoska/IdeaProjects/HTWG/AIN5/Webapplikation/checkers_wa/target/scala-2.13/classes ...[0m
[0m[[0m[0mdebug[0m] [0m[0mRunning task... Cancel: Signal, check cycles: false, forcegc: true[0m
[0m[[0m[0mdebug[0m] [0m[0mExporting web-assets:checkers_wa[0m
[0m[[0m[0mdebug[0m] [0m[0mRunning task... Cancel: Signal, check cycles: false, forcegc: true[0m
[0m[[0m[0mdebug[0m] [0m[0mRunning task... Cancel: Signal, check cycles: false, forcegc: true[0m
[0m[[0m[0minfo[0m] [0m[0mcompiling 1 Scala source to /Users/ginakokoska/IdeaProjects/HTWG/AIN5/Webapplikation/checkers_wa/target/scala-2.13/classes ...[0m
[0m[[0m[0mdebug[0m] [0m[0mRunning task... Cancel: Signal, check cycles: false, forcegc: true[0m
[0m[[0m[0mdebug[0m] [0m[0mExporting web-assets:checkers_wa[0m
[0m[[0m[0mdebug[0m] [0m[0mRunning task... Cancel: Signal, check cycles: false, forcegc: true[0m
[0m[[0m[0mdebug[0m] [0m[0mRunning task... Cancel: Signal, check cycles: false, forcegc: true[0m
[0m[[0m[0minfo[0m] [0m[0mcompiling 1 Scala source to /Users/ginakokoska/IdeaProjects/HTWG/AIN5/Webapplikation/checkers_wa/target/scala-2.13/classes ...[0m
[0m[[0m[0mdebug[0m] [0m[0mRunning task... Cancel: Signal, check cycles: false, forcegc: true[0m
[0m[[0m[0mdebug[0m] [0m[0mExporting web-assets:checkers_wa[0m
[0m[[0m[0mdebug[0m] [0m[0mRunning task... Cancel: Signal, check cycles: false, forcegc: true[0m
[0m[[0m[0mdebug[0m] [0m[0mRunning task... Cancel: Signal, check cycles: false, forcegc: true[0m
[0m[[0m[0minfo[0m] [0m[0mLESS compiling on 1 source(s)[0m
[0m[[0m[0mdebug[0m] [0m[0mForcing garbage collection...[0m
[0m[[0m[0mdebug[0m] [0m[0mRunning task... Cancel: Signal, check cycles: false, forcegc: true[0m
[0m[[0m[0mdebug[0m] [0m[0mExporting web-assets:checkers_wa[0m
[0m[[0m[0mdebug[0m] [0m[0mRunning task... Cancel: Signal, check cycles: false, forcegc: true[0m
[0m[[0m[0mdebug[0m] [0m[0mRunning task... Cancel: Signal, check cycles: false, forcegc: true[0m
[0m[[0m[0minfo[0m] [0m[0mLESS compiling on 1 source(s)[0m
[0m[[0m[0mdebug[0m] [0m[0mRunning task... Cancel: Signal, check cycles: false, forcegc: true[0m
[0m[[0m[0mdebug[0m] [0m[0mExporting web-assets:checkers_wa[0m
[0m[[0m[0mdebug[0m] [0m[0mRunning task... Cancel: Signal, check cycles: false, forcegc: true[0m
[0m[[0m[0mdebug[0m] [0m[0mRunning task... Cancel: Signal, check cycles: false, forcegc: true[0m
[0m[[0m[0minfo[0m] [0m[0mcompiling 1 Scala source to /Users/ginakokoska/IdeaProjects/HTWG/AIN5/Webapplikation/checkers_wa/target/scala-2.13/classes ...[0m
[0m[[0m[0minfo[0m] [0m[0mLESS compiling on 1 source(s)[0m
[0m[[0m[31merror[0m] [0m[0m/Users/ginakokoska/IdeaProjects/HTWG/AIN5/Webapplikation/checkers_wa/app/assets/stylesheets/say.less:148:22: Unrecognised input[0m
[0m[[0m[31merror[0m] [0m[0m  grid-area: letters | 1 / 1 / 1/ 1;[0m
[0m[[0m[31merror[0m] [0m[0m                     ^[0m
[0m[[0m[31merror[0m] [0m[0mone error found[0m
[0m[[0m[31merror[0m] [0m[0m(Web-assets / [31mless[0m) com.typesafe.sbt.web.CompileProblemsException[0m
[0m[[0m[0mdebug[0m] [0m[0mRunning task... Cancel: Signal, check cycles: false, forcegc: true[0m
[0m[[0m[0mdebug[0m] [0m[0mRunning task... Cancel: Signal, check cycles: false, forcegc: true[0m
[0m[[0m[0minfo[0m] [0m[0mLESS compiling on 1 source(s)[0m
[0m[[0m[0mdebug[0m] [0m[0mRunning task... Cancel: Signal, check cycles: false, forcegc: true[0m
[0m[[0m[0mdebug[0m] [0m[0mExporting web-assets:checkers_wa[0m
[0m[[0m[0mdebug[0m] [0m[0mRunning task... Cancel: Signal, check cycles: false, forcegc: true[0m
[0m[[0m[0mdebug[0m] [0m[0mRunning task... Cancel: Signal, check cycles: false, forcegc: true[0m
[0m[[0m[0minfo[0m] [0m[0mcompiling 1 Scala source to /Users/ginakokoska/IdeaProjects/HTWG/AIN5/Webapplikation/checkers_wa/target/scala-2.13/classes ...[0m
[0m[[0m[0minfo[0m] [0m[0mLESS compiling on 1 source(s)[0m
[0m[[0m[0mdebug[0m] [0m[0mRunning task... Cancel: Signal, check cycles: false, forcegc: true[0m
[0m[[0m[0mdebug[0m] [0m[0mExporting web-assets:checkers_wa[0m
[0m[[0m[0mdebug[0m] [0m[0mRunning task... Cancel: Signal, check cycles: false, forcegc: true[0m
[0m[[0m[0mdebug[0m] [0m[0mRunning task... Cancel: Signal, check cycles: false, forcegc: true[0m
[0m[[0m[0minfo[0m] [0m[0mcompiling 1 Scala source to /Users/ginakokoska/IdeaProjects/HTWG/AIN5/Webapplikation/checkers_wa/target/scala-2.13/classes ...[0m
[0m[[0m[0mdebug[0m] [0m[0mRunning task... Cancel: Signal, check cycles: false, forcegc: true[0m
[0m[[0m[0mdebug[0m] [0m[0mExporting web-assets:checkers_wa[0m
[0m[[0m[0mdebug[0m] [0m[0mRunning task... Cancel: Signal, check cycles: false, forcegc: true[0m
[0m[[0m[0mdebug[0m] [0m[0mRunning task... Cancel: Signal, check cycles: false, forcegc: true[0m
[0m[[0m[0minfo[0m] [0m[0mcompiling 1 Scala source to /Users/ginakokoska/IdeaProjects/HTWG/AIN5/Webapplikation/checkers_wa/target/scala-2.13/classes ...[0m
[0m[[0m[0mdebug[0m] [0m[0mRunning task... Cancel: Signal, check cycles: false, forcegc: true[0m
[0m[[0m[0mdebug[0m] [0m[0mExporting web-assets:checkers_wa[0m
[0m[[0m[0mdebug[0m] [0m[0mRunning task... Cancel: Signal, check cycles: false, forcegc: true[0m
[0m[[0m[0mdebug[0m] [0m[0mRunning task... Cancel: Signal, check cycles: false, forcegc: true[0m
[0m[[0m[0minfo[0m] [0m[0mcompiling 1 Scala source to /Users/ginakokoska/IdeaProjects/HTWG/AIN5/Webapplikation/checkers_wa/target/scala-2.13/classes ...[0m
[0m[[0m[0mdebug[0m] [0m[0mRunning task... Cancel: Signal, check cycles: false, forcegc: true[0m
[0m[[0m[0mdebug[0m] [0m[0mExporting web-assets:checkers_wa[0m
[0m[[0m[0mdebug[0m] [0m[0mRunning task... Cancel: Signal, check cycles: false, forcegc: true[0m
[0m[[0m[0mdebug[0m] [0m[0mRunning task... Cancel: Signal, check cycles: false, forcegc: true[0m
[0m[[0m[0minfo[0m] [0m[0mcompiling 1 Scala source to /Users/ginakokoska/IdeaProjects/HTWG/AIN5/Webapplikation/checkers_wa/target/scala-2.13/classes ...[0m
[0m[[0m[0mdebug[0m] [0m[0mRunning task... Cancel: Signal, check cycles: false, forcegc: true[0m
[0m[[0m[0mdebug[0m] [0m[0mExporting web-assets:checkers_wa[0m
[0m[[0m[0mdebug[0m] [0m[0mRunning task... Cancel: Signal, check cycles: false, forcegc: true[0m
[0m[[0m[0mdebug[0m] [0m[0mRunning task... Cancel: Signal, check cycles: false, forcegc: true[0m
[0m[[0m[0minfo[0m] [0m[0mcompiling 1 Scala source to /Users/ginakokoska/IdeaProjects/HTWG/AIN5/Webapplikation/checkers_wa/target/scala-2.13/classes ...[0m
[0m[[0m[0mdebug[0m] [0m[0mRunning task... Cancel: Signal, check cycles: false, forcegc: true[0m
[0m[[0m[0mdebug[0m] [0m[0mExporting web-assets:checkers_wa[0m
[0m[[0m[0mdebug[0m] [0m[0mRunning task... Cancel: Signal, check cycles: false, forcegc: true[0m
[0m[[0m[0mdebug[0m] [0m[0mRunning task... Cancel: Signal, check cycles: false, forcegc: true[0m
[0m[[0m[0minfo[0m] [0m[0mLESS compiling on 1 source(s)[0m
[0m[[0m[0mdebug[0m] [0m[0mRunning task... Cancel: Signal, check cycles: false, forcegc: true[0m
[0m[[0m[0mdebug[0m] [0m[0mExporting web-assets:checkers_wa[0m
[0m[[0m[0mdebug[0m] [0m[0mRunning task... Cancel: Signal, check cycles: false, forcegc: true[0m
[0m[[0m[0mdebug[0m] [0m[0mRunning task... Cancel: Signal, check cycles: false, forcegc: true[0m
[0m[[0m[0minfo[0m] [0m[0mLESS compiling on 1 source(s)[0m
[0m[[0m[31merror[0m] [0m[0m/Users/ginakokoska/IdeaProjects/HTWG/AIN5/Webapplikation/checkers_wa/app/assets/stylesheets/say.less:136:28: Unrecognised input[0m
[0m[[0m[31merror[0m] [0m[0m    grid-template-columns: [first-line7] auto;[0m
[0m[[0m[31merror[0m] [0m[0m                           ^[0m
[0m[[0m[31merror[0m] [0m[0mone error found[0m
[0m[[0m[0mdebug[0m] [0m[0mForcing garbage collection...[0m
[0m[[0m[31merror[0m] [0m[0m(Web-assets / [31mless[0m) com.typesafe.sbt.web.CompileProblemsException[0m
[0m[[0m[0mdebug[0m] [0m[0mRunning task... Cancel: Signal, check cycles: false, forcegc: true[0m
[0m[[0m[0mdebug[0m] [0m[0mRunning task... Cancel: Signal, check cycles: false, forcegc: true[0m
[0m[[0m[0minfo[0m] [0m[0mLESS compiling on 1 source(s)[0m
[0m[[0m[0mdebug[0m] [0m[0mRunning task... Cancel: Signal, check cycles: false, forcegc: true[0m
[0m[[0m[0mdebug[0m] [0m[0mExporting web-assets:checkers_wa[0m
[0m[[0m[0mdebug[0m] [0m[0mRunning task... Cancel: Signal, check cycles: false, forcegc: true[0m
[0m[[0m[0mdebug[0m] [0m[0mRunning task... Cancel: Signal, check cycles: false, forcegc: true[0m
[0m[[0m[0minfo[0m] [0m[0mLESS compiling on 1 source(s)[0m
[0m[[0m[0mdebug[0m] [0m[0mRunning task... Cancel: Signal, check cycles: false, forcegc: true[0m
[0m[[0m[0mdebug[0m] [0m[0mExporting web-assets:checkers_wa[0m
[0m[[0m[0mdebug[0m] [0m[0mRunning task... Cancel: Signal, check cycles: false, forcegc: true[0m
[0m[[0m[0mdebug[0m] [0m[0mRunning task... Cancel: Signal, check cycles: false, forcegc: true[0m
[0m[[0m[0minfo[0m] [0m[0mLESS compiling on 1 source(s)[0m
[0m[[0m[31merror[0m] [0m[0m/Users/ginakokoska/IdeaProjects/HTWG/AIN5/Webapplikation/checkers_wa/app/assets/stylesheets/say.less:136:28: Unrecognised input[0m
[0m[[0m[31merror[0m] [0m[0m    grid-template-columns: [first-line] auto [line2] auto [line3] auto [line4] auto [line5] auto [line6] auto [line7] auto [end-line] auto ;[0m
[0m[[0m[31merror[0m] [0m[0m                           ^[0m
[0m[[0m[31merror[0m] [0m[0mone error found[0m
[0m[[0m[31merror[0m] [0m[0m(Web-assets / [31mless[0m) com.typesafe.sbt.web.CompileProblemsException[0m
[0m[[0m[0mdebug[0m] [0m[0mRunning task... Cancel: Signal, check cycles: false, forcegc: true[0m
[0m[[0m[0mdebug[0m] [0m[0mRunning task... Cancel: Signal, check cycles: false, forcegc: true[0m
[0m[[0m[0minfo[0m] [0m[0mLESS compiling on 1 source(s)[0m
[0m[[0m[0mdebug[0m] [0m[0mRunning task... Cancel: Signal, check cycles: false, forcegc: true[0m
[0m[[0m[0mdebug[0m] [0m[0mExporting web-assets:checkers_wa[0m
[0m[[0m[0mdebug[0m] [0m[0mRunning task... Cancel: Signal, check cycles: false, forcegc: true[0m
[0m[[0m[0mdebug[0m] [0m[0mRunning task... Cancel: Signal, check cycles: false, forcegc: true[0m
[0m[[0m[0minfo[0m] [0m[0mcompiling 1 Scala source to /Users/ginakokoska/IdeaProjects/HTWG/AIN5/Webapplikation/checkers_wa/target/scala-2.13/classes ...[0m
[0m[[0m[0mdebug[0m] [0m[0mRunning task... Cancel: Signal, check cycles: false, forcegc: true[0m
[0m[[0m[0mdebug[0m] [0m[0mExporting web-assets:checkers_wa[0m
[0m[[0m[0mdebug[0m] [0m[0mRunning task... Cancel: Signal, check cycles: false, forcegc: true[0m
[0m[[0m[0mdebug[0m] [0m[0mRunning task... Cancel: Signal, check cycles: false, forcegc: true[0m
[0m[[0m[0minfo[0m] [0m[0mcompiling 1 Scala source to /Users/ginakokoska/IdeaProjects/HTWG/AIN5/Webapplikation/checkers_wa/target/scala-2.13/classes ...[0m
[0m[[0m[0mdebug[0m] [0m[0mRunning task... Cancel: Signal, check cycles: false, forcegc: true[0m
[0m[[0m[0mdebug[0m] [0m[0mExporting web-assets:checkers_wa[0m
[0m[[0m[0mdebug[0m] [0m[0mRunning task... Cancel: Signal, check cycles: false, forcegc: true[0m
[0m[[0m[0mdebug[0m] [0m[0mRunning task... Cancel: Signal, check cycles: false, forcegc: true[0m
[0m[[0m[0minfo[0m] [0m[0mcompiling 1 Scala source to /Users/ginakokoska/IdeaProjects/HTWG/AIN5/Webapplikation/checkers_wa/target/scala-2.13/classes ...[0m
[0m[[0m[31merror[0m] [0m[0m/Users/ginakokoska/IdeaProjects/HTWG/AIN5/Webapplikation/checkers_wa/target/scala-2.13/twirl/main/views/html/test.template.scala:87:57: illegal start of simple expression[0m
[0m[[0m[31merror[0m] [0m[0m        """),_display_(/*63.10*/for(row <- 0 until size)),format.raw/*63.34*/("""[0m
[0m[[0m[31merror[0m] [0m[0m                                                        ^[0m
[0m[[0m[31merror[0m] [0m[0m/Users/ginakokoska/IdeaProjects/HTWG/AIN5/Webapplikation/checkers_wa/target/scala-2.13/twirl/main/views/html/test.template.scala:138:7: ')' expected but '}' found.[0m
[0m[[0m[31merror[0m] [0m[0m      }[0m
[0m[[0m[31merror[0m] [0m[0m      ^[0m
[0m[[0m[31merror[0m] [0m[0mtwo errors found[0m
[0m[[0m[31merror[0m] [0m[0m(Compile / [31mcompileIncremental[0m) Compilation failed[0m
[0m[[0m[0mdebug[0m] [0m[0mRunning task... Cancel: Signal, check cycles: false, forcegc: true[0m
[0m[[0m[0mdebug[0m] [0m[0mRunning task... Cancel: Signal, check cycles: false, forcegc: true[0m
[0m[[0m[0minfo[0m] [0m[0mcompiling 1 Scala source to /Users/ginakokoska/IdeaProjects/HTWG/AIN5/Webapplikation/checkers_wa/target/scala-2.13/classes ...[0m
[0m[[0m[0mdebug[0m] [0m[0mRunning task... Cancel: Signal, check cycles: false, forcegc: true[0m
[0m[[0m[0mdebug[0m] [0m[0mExporting web-assets:checkers_wa[0m
[0m[[0m[0mdebug[0m] [0m[0mRunning task... Cancel: Signal, check cycles: false, forcegc: true[0m
[0m[[0m[0mdebug[0m] [0m[0mRunning task... Cancel: Signal, check cycles: false, forcegc: true[0m
[0m[[0m[0minfo[0m] [0m[0mcompiling 1 Scala source to /Users/ginakokoska/IdeaProjects/HTWG/AIN5/Webapplikation/checkers_wa/target/scala-2.13/classes ...[0m
[0m[[0m[0mdebug[0m] [0m[0mRunning task... Cancel: Signal, check cycles: false, forcegc: true[0m
[0m[[0m[0mdebug[0m] [0m[0mExporting web-assets:checkers_wa[0m
[0m[[0m[0mdebug[0m] [0m[0mRunning task... Cancel: Signal, check cycles: false, forcegc: true[0m
[0m[[0m[0mdebug[0m] [0m[0mRunning task... Cancel: Signal, check cycles: false, forcegc: true[0m
[0m[[0m[0minfo[0m] [0m[0mcompiling 1 Scala source to /Users/ginakokoska/IdeaProjects/HTWG/AIN5/Webapplikation/checkers_wa/target/scala-2.13/classes ...[0m
[0m[[0m[0mdebug[0m] [0m[0mRunning task... Cancel: Signal, check cycles: false, forcegc: true[0m
[0m[[0m[0mdebug[0m] [0m[0mExporting web-assets:checkers_wa[0m
[0m[[0m[0mdebug[0m] [0m[0mRunning task... Cancel: Signal, check cycles: false, forcegc: true[0m
[0m[[0m[0mdebug[0m] [0m[0mRunning task... Cancel: Signal, check cycles: false, forcegc: true[0m
[0m[[0m[0minfo[0m] [0m[0mcompiling 1 Scala source to /Users/ginakokoska/IdeaProjects/HTWG/AIN5/Webapplikation/checkers_wa/target/scala-2.13/classes ...[0m
[0m[[0m[0mdebug[0m] [0m[0mRunning task... Cancel: Signal, check cycles: false, forcegc: true[0m
[0m[[0m[0mdebug[0m] [0m[0mExporting web-assets:checkers_wa[0m
[0m[[0m[0mdebug[0m] [0m[0mRunning task... Cancel: Signal, check cycles: false, forcegc: true[0m
[0m[[0m[0mdebug[0m] [0m[0mRunning task... Cancel: Signal, check cycles: false, forcegc: true[0m
[0m[[0m[0minfo[0m] [0m[0mcompiling 1 Scala source to /Users/ginakokoska/IdeaProjects/HTWG/AIN5/Webapplikation/checkers_wa/target/scala-2.13/classes ...[0m
[0m[[0m[0mdebug[0m] [0m[0mRunning task... Cancel: Signal, check cycles: false, forcegc: true[0m
[0m[[0m[0mdebug[0m] [0m[0mExporting web-assets:checkers_wa[0m
[0m[[0m[0mdebug[0m] [0m[0mRunning task... Cancel: Signal, check cycles: false, forcegc: true[0m
[0m[[0m[0mdebug[0m] [0m[0mRunning task... Cancel: Signal, check cycles: false, forcegc: true[0m
[0m[[0m[0minfo[0m] [0m[0mcompiling 1 Scala source to /Users/ginakokoska/IdeaProjects/HTWG/AIN5/Webapplikation/checkers_wa/target/scala-2.13/classes ...[0m
[0m[[0m[0mdebug[0m] [0m[0mRunning task... Cancel: Signal, check cycles: false, forcegc: true[0m
[0m[[0m[0mdebug[0m] [0m[0mExporting web-assets:checkers_wa[0m
[0m[[0m[0mdebug[0m] [0m[0mRunning task... Cancel: Signal, check cycles: false, forcegc: true[0m
[0m[[0m[0mdebug[0m] [0m[0mRunning task... Cancel: Signal, check cycles: false, forcegc: true[0m
[0m[[0m[0minfo[0m] [0m[0mcompiling 1 Scala source to /Users/ginakokoska/IdeaProjects/HTWG/AIN5/Webapplikation/checkers_wa/target/scala-2.13/classes ...[0m
[0m[[0m[0mdebug[0m] [0m[0mRunning task... Cancel: Signal, check cycles: false, forcegc: true[0m
[0m[[0m[0mdebug[0m] [0m[0mExporting web-assets:checkers_wa[0m
[0m[[0m[0mdebug[0m] [0m[0mRunning task... Cancel: Signal, check cycles: false, forcegc: true[0m
[0m[[0m[0mdebug[0m] [0m[0mRunning task... Cancel: Signal, check cycles: false, forcegc: true[0m
[0m[[0m[0minfo[0m] [0m[0mcompiling 1 Scala source to /Users/ginakokoska/IdeaProjects/HTWG/AIN5/Webapplikation/checkers_wa/target/scala-2.13/classes ...[0m
[0m[[0m[0mdebug[0m] [0m[0mRunning task... Cancel: Signal, check cycles: false, forcegc: true[0m
[0m[[0m[0mdebug[0m] [0m[0mExporting web-assets:checkers_wa[0m
[0m[[0m[0mdebug[0m] [0m[0mRunning task... Cancel: Signal, check cycles: false, forcegc: true[0m
[0m[[0m[0mdebug[0m] [0m[0mRunning task... Cancel: Signal, check cycles: false, forcegc: true[0m
[0m[[0m[0minfo[0m] [0m[0mcompiling 1 Scala source to /Users/ginakokoska/IdeaProjects/HTWG/AIN5/Webapplikation/checkers_wa/target/scala-2.13/classes ...[0m
[0m[[0m[0mdebug[0m] [0m[0mForcing garbage collection...[0m
[0m[[0m[0mdebug[0m] [0m[0mRunning task... Cancel: Signal, check cycles: false, forcegc: true[0m
[0m[[0m[0mdebug[0m] [0m[0mExporting web-assets:checkers_wa[0m
[0m[[0m[0mdebug[0m] [0m[0mRunning task... Cancel: Signal, check cycles: false, forcegc: true[0m
[0m[[0m[0mdebug[0m] [0m[0mRunning task... Cancel: Signal, check cycles: false, forcegc: true[0m
[0m[[0m[0minfo[0m] [0m[0mcompiling 1 Scala source to /Users/ginakokoska/IdeaProjects/HTWG/AIN5/Webapplikation/checkers_wa/target/scala-2.13/classes ...[0m
[0m[[0m[0mdebug[0m] [0m[0mRunning task... Cancel: Signal, check cycles: false, forcegc: true[0m
[0m[[0m[0mdebug[0m] [0m[0mExporting web-assets:checkers_wa[0m
[0m[[0m[0mdebug[0m] [0m[0mRunning task... Cancel: Signal, check cycles: false, forcegc: true[0m
[0m[[0m[0mdebug[0m] [0m[0mRunning task... Cancel: Signal, check cycles: false, forcegc: true[0m
[0m[[0m[0minfo[0m] [0m[0mLESS compiling on 1 source(s)[0m
[0m[[0m[0mdebug[0m] [0m[0mRunning task... Cancel: Signal, check cycles: false, forcegc: true[0m
[0m[[0m[0mdebug[0m] [0m[0mExporting web-assets:checkers_wa[0m
[0m[[0m[0mdebug[0m] [0m[0mRunning task... Cancel: Signal, check cycles: false, forcegc: true[0m
[0m[[0m[0mdebug[0m] [0m[0mRunning task... Cancel: Signal, check cycles: false, forcegc: true[0m
[0m[[0m[0minfo[0m] [0m[0mLESS compiling on 1 source(s)[0m
[0m[[0m[0mdebug[0m] [0m[0mRunning task... Cancel: Signal, check cycles: false, forcegc: true[0m
[0m[[0m[0mdebug[0m] [0m[0mExporting web-assets:checkers_wa[0m
[0m[[0m[0mdebug[0m] [0m[0mRunning task... Cancel: Signal, check cycles: false, forcegc: true[0m
[0m[[0m[0mdebug[0m] [0m[0mRunning task... Cancel: Signal, check cycles: false, forcegc: true[0m
[0m[[0m[0minfo[0m] [0m[0mLESS compiling on 1 source(s)[0m
[0m[[0m[0mdebug[0m] [0m[0mRunning task... Cancel: Signal, check cycles: false, forcegc: true[0m
[0m[[0m[0mdebug[0m] [0m[0mExporting web-assets:checkers_wa[0m
[0m[[0m[0mdebug[0m] [0m[0mRunning task... Cancel: Signal, check cycles: false, forcegc: true[0m
[0m[[0m[0mdebug[0m] [0m[0mRunning task... Cancel: Signal, check cycles: false, forcegc: true[0m
[0m[[0m[0minfo[0m] [0m[0mcompiling 1 Scala source to /Users/ginakokoska/IdeaProjects/HTWG/AIN5/Webapplikation/checkers_wa/target/scala-2.13/classes ...[0m
[0m[[0m[0mdebug[0m] [0m[0mRunning task... Cancel: Signal, check cycles: false, forcegc: true[0m
[0m[[0m[0mdebug[0m] [0m[0mExporting web-assets:checkers_wa[0m
[0m[[0m[0mdebug[0m] [0m[0mRunning task... Cancel: Signal, check cycles: false, forcegc: true[0m
[0m[[0m[0mdebug[0m] [0m[0mRunning task... Cancel: Signal, check cycles: false, forcegc: true[0m
[0m[[0m[0minfo[0m] [0m[0mcompiling 1 Scala source to /Users/ginakokoska/IdeaProjects/HTWG/AIN5/Webapplikation/checkers_wa/target/scala-2.13/classes ...[0m
[0m[[0m[0minfo[0m] [0m[0mLESS compiling on 1 source(s)[0m
[0m[[0m[31merror[0m] [0m[0m/Users/ginakokoska/IdeaProjects/HTWG/AIN5/Webapplikation/checkers_wa/app/assets/stylesheets/say.less:151:7: Unrecognised input[0m
[0m[[0m[31merror[0m] [0m[0m    1 / 1 / 1 / 1;[0m
[0m[[0m[31merror[0m] [0m[0m      ^[0m
[0m[[0m[31merror[0m] [0m[0mone error found[0m
[0m[[0m[31merror[0m] [0m[0m(Web-assets / [31mless[0m) com.typesafe.sbt.web.CompileProblemsException[0m
[0m[[0m[0mdebug[0m] [0m[0mRunning task... Cancel: Signal, check cycles: false, forcegc: true[0m
[0m[[0m[0mdebug[0m] [0m[0mRunning task... Cancel: Signal, check cycles: false, forcegc: true[0m
[0m[[0m[0minfo[0m] [0m[0mLESS compiling on 1 source(s)[0m
[0m[[0m[31merror[0m] [0m[0m/Users/ginakokoska/IdeaProjects/HTWG/AIN5/Webapplikation/checkers_wa/app/assets/stylesheets/say.less:151:11: Unrecognised input[0m
[0m[[0m[31merror[0m] [0m[0m    first / first / row1 / end;[0m
[0m[[0m[31merror[0m] [0m[0m          ^[0m
[0m[[0m[31merror[0m] [0m[0mone error found[0m
[0m[[0m[0mdebug[0m] [0m[0mForcing garbage collection...[0m
[0m[[0m[31merror[0m] [0m[0m(Web-assets / [31mless[0m) com.typesafe.sbt.web.CompileProblemsException[0m
[0m[[0m[0mdebug[0m] [0m[0mRunning task... Cancel: Signal, check cycles: false, forcegc: true[0m
[0m[[0m[0mdebug[0m] [0m[0mRunning task... Cancel: Signal, check cycles: false, forcegc: true[0m
[0m[[0m[0minfo[0m] [0m[0mLESS compiling on 1 source(s)[0m
[0m[[0m[31merror[0m] [0m[0m/Users/ginakokoska/IdeaProjects/HTWG/AIN5/Webapplikation/checkers_wa/app/assets/stylesheets/say.less:152:1: Unrecognised input. Possibly missing opening '{'[0m
[0m[[0m[31merror[0m] [0m[0m}[0m
[0m[[0m[31merror[0m] [0m[0m^[0m
[0m[[0m[31merror[0m] [0m[0mone error found[0m
[0m[[0m[31merror[0m] [0m[0m(Web-assets / [31mless[0m) com.typesafe.sbt.web.CompileProblemsException[0m
[0m[[0m[0mdebug[0m] [0m[0mRunning task... Cancel: Signal, check cycles: false, forcegc: true[0m
[0m[[0m[0mdebug[0m] [0m[0mRunning task... Cancel: Signal, check cycles: false, forcegc: true[0m
[0m[[0m[0minfo[0m] [0m[0mLESS compiling on 1 source(s)[0m
[0m[[0m[31merror[0m] [0m[0m/Users/ginakokoska/IdeaProjects/HTWG/AIN5/Webapplikation/checkers_wa/app/assets/stylesheets/say.less:151:31: Unrecognised input[0m
[0m[[0m[31merror[0m] [0m[0m    first , first , row1 , end;[0m
[0m[[0m[31merror[0m] [0m[0m                              ^[0m
[0m[[0m[31merror[0m] [0m[0mone error found[0m
[0m[[0m[31merror[0m] [0m[0m(Web-assets / [31mless[0m) com.typesafe.sbt.web.CompileProblemsException[0m
[0m[[0m[0mdebug[0m] [0m[0mRunning task... Cancel: Signal, check cycles: false, forcegc: true[0m
[0m[[0m[0mdebug[0m] [0m[0mRunning task... Cancel: Signal, check cycles: false, forcegc: true[0m
[0m[[0m[0minfo[0m] [0m[0mLESS compiling on 1 source(s)[0m
[0m[[0m[0mdebug[0m] [0m[0mRunning task... Cancel: Signal, check cycles: false, forcegc: true[0m
[0m[[0m[0mdebug[0m] [0m[0mExporting web-assets:checkers_wa[0m
[0m[[0m[0mdebug[0m] [0m[0mRunning task... Cancel: Signal, check cycles: false, forcegc: true[0m
[0m[[0m[0mdebug[0m] [0m[0mRunning task... Cancel: Signal, check cycles: false, forcegc: true[0m
[0m[[0m[0minfo[0m] [0m[0mLESS compiling on 1 source(s)[0m
[0m[[0m[0mdebug[0m] [0m[0mRunning task... Cancel: Signal, check cycles: false, forcegc: true[0m
[0m[[0m[0mdebug[0m] [0m[0mExporting web-assets:checkers_wa[0m
[0m[[0m[0mdebug[0m] [0m[0mRunning task... Cancel: Signal, check cycles: false, forcegc: true[0m
[0m[[0m[0mdebug[0m] [0m[0mRunning task... Cancel: Signal, check cycles: false, forcegc: true[0m
[0m[[0m[0minfo[0m] [0m[0mLESS compiling on 1 source(s)[0m
[0m[[0m[0mdebug[0m] [0m[0mRunning task... Cancel: Signal, check cycles: false, forcegc: true[0m
[0m[[0m[0mdebug[0m] [0m[0mExporting web-assets:checkers_wa[0m
[0m[[0m[0mdebug[0m] [0m[0mRunning task... Cancel: Signal, check cycles: false, forcegc: true[0m
[0m[[0m[0mdebug[0m] [0m[0mRunning task... Cancel: Signal, check cycles: false, forcegc: true[0m
[0m[[0m[0minfo[0m] [0m[0mLESS compiling on 1 source(s)[0m
[0m[[0m[0mdebug[0m] [0m[0mRunning task... Cancel: Signal, check cycles: false, forcegc: true[0m
[0m[[0m[0mdebug[0m] [0m[0mExporting web-assets:checkers_wa[0m
[0m[[0m[0mdebug[0m] [0m[0mRunning task... Cancel: Signal, check cycles: false, forcegc: true[0m
[0m[[0m[0mdebug[0m] [0m[0mRunning task... Cancel: Signal, check cycles: false, forcegc: true[0m
[0m[[0m[0minfo[0m] [0m[0mcompiling 1 Scala source to /Users/ginakokoska/IdeaProjects/HTWG/AIN5/Webapplikation/checkers_wa/target/scala-2.13/classes ...[0m
[0m[[0m[0minfo[0m] [0m[0mLESS compiling on 1 source(s)[0m
[0m[[0m[0mdebug[0m] [0m[0mForcing garbage collection...[0m
[0m[[0m[0mdebug[0m] [0m[0mRunning task... Cancel: Signal, check cycles: false, forcegc: true[0m
[0m[[0m[0mdebug[0m] [0m[0mExporting web-assets:checkers_wa[0m
[0m[[0m[0mdebug[0m] [0m[0mRunning task... Cancel: Signal, check cycles: false, forcegc: true[0m
[0m[[0m[0mdebug[0m] [0m[0mRunning task... Cancel: Signal, check cycles: false, forcegc: true[0m
[0m[[0m[0minfo[0m] [0m[0mcompiling 1 Scala source to /Users/ginakokoska/IdeaProjects/HTWG/AIN5/Webapplikation/checkers_wa/target/scala-2.13/classes ...[0m
[0m[[0m[0minfo[0m] [0m[0mLESS compiling on 1 source(s)[0m
[0m[[0m[0mdebug[0m] [0m[0mRunning task... Cancel: Signal, check cycles: false, forcegc: true[0m
[0m[[0m[0mdebug[0m] [0m[0mExporting web-assets:checkers_wa[0m
[0m[[0m[0mdebug[0m] [0m[0mRunning task... Cancel: Signal, check cycles: false, forcegc: true[0m
[0m[[0m[0mdebug[0m] [0m[0mRunning task... Cancel: Signal, check cycles: false, forcegc: true[0m
[0m[[0m[0minfo[0m] [0m[0mLESS compiling on 1 source(s)[0m
[0m[[0m[0mdebug[0m] [0m[0mRunning task... Cancel: Signal, check cycles: false, forcegc: true[0m
[0m[[0m[0mdebug[0m] [0m[0mExporting web-assets:checkers_wa[0m
[0m[[0m[0mdebug[0m] [0m[0mRunning task... Cancel: Signal, check cycles: false, forcegc: true[0m
[0m[[0m[0mdebug[0m] [0m[0mRunning task... Cancel: Signal, check cycles: false, forcegc: true[0m
[0m[[0m[0minfo[0m] [0m[0mLESS compiling on 1 source(s)[0m
[0m[[0m[0mdebug[0m] [0m[0mRunning task... Cancel: Signal, check cycles: false, forcegc: true[0m
[0m[[0m[0mdebug[0m] [0m[0mExporting web-assets:checkers_wa[0m
[0m[[0m[0mdebug[0m] [0m[0mRunning task... Cancel: Signal, check cycles: false, forcegc: true[0m
[0m[[0m[0mdebug[0m] [0m[0mRunning task... Cancel: Signal, check cycles: false, forcegc: true[0m
[0m[[0m[0minfo[0m] [0m[0mLESS compiling on 1 source(s)[0m
[0m[[0m[0mdebug[0m] [0m[0mRunning task... Cancel: Signal, check cycles: false, forcegc: true[0m
[0m[[0m[0mdebug[0m] [0m[0mExporting web-assets:checkers_wa[0m
[0m[[0m[0mdebug[0m] [0m[0mRunning task... Cancel: Signal, check cycles: false, forcegc: true[0m
[0m[[0m[0mdebug[0m] [0m[0mRunning task... Cancel: Signal, check cycles: false, forcegc: true[0m
[0m[[0m[0minfo[0m] [0m[0mcompiling 1 Scala source to /Users/ginakokoska/IdeaProjects/HTWG/AIN5/Webapplikation/checkers_wa/target/scala-2.13/classes ...[0m
[0m[[0m[0mdebug[0m] [0m[0mRunning task... Cancel: Signal, check cycles: false, forcegc: true[0m
[0m[[0m[0mdebug[0m] [0m[0mExporting web-assets:checkers_wa[0m
[0m[[0m[0mdebug[0m] [0m[0mRunning task... Cancel: Signal, check cycles: false, forcegc: true[0m
[0m[[0m[0mdebug[0m] [0m[0mRunning task... Cancel: Signal, check cycles: false, forcegc: true[0m
[0m[[0m[0minfo[0m] [0m[0mcompiling 1 Scala source to /Users/ginakokoska/IdeaProjects/HTWG/AIN5/Webapplikation/checkers_wa/target/scala-2.13/classes ...[0m
[0m[[0m[0mdebug[0m] [0m[0mRunning task... Cancel: Signal, check cycles: false, forcegc: true[0m
[0m[[0m[0mdebug[0m] [0m[0mExporting web-assets:checkers_wa[0m
[0m[[0m[0mdebug[0m] [0m[0mRunning task... Cancel: Signal, check cycles: false, forcegc: true[0m
[0m[[0m[0mdebug[0m] [0m[0mRunning task... Cancel: Signal, check cycles: false, forcegc: true[0m
[0m[[0m[0minfo[0m] [0m[0mcompiling 1 Scala source to /Users/ginakokoska/IdeaProjects/HTWG/AIN5/Webapplikation/checkers_wa/target/scala-2.13/classes ...[0m
[0m[[0m[0mdebug[0m] [0m[0mRunning task... Cancel: Signal, check cycles: false, forcegc: true[0m
[0m[[0m[0mdebug[0m] [0m[0mExporting web-assets:checkers_wa[0m
[0m[[0m[0mdebug[0m] [0m[0mRunning task... Cancel: Signal, check cycles: false, forcegc: true[0m
[0m[[0m[0mdebug[0m] [0m[0mRunning task... Cancel: Signal, check cycles: false, forcegc: true[0m
[0m[[0m[0minfo[0m] [0m[0mcompiling 1 Scala source to /Users/ginakokoska/IdeaProjects/HTWG/AIN5/Webapplikation/checkers_wa/target/scala-2.13/classes ...[0m
[0m[[0m[0mdebug[0m] [0m[0mRunning task... Cancel: Signal, check cycles: false, forcegc: true[0m
[0m[[0m[0mdebug[0m] [0m[0mExporting web-assets:checkers_wa[0m
[0m[[0m[0mdebug[0m] [0m[0mRunning task... Cancel: Signal, check cycles: false, forcegc: true[0m
[0m[[0m[0mdebug[0m] [0m[0mRunning task... Cancel: Signal, check cycles: false, forcegc: true[0m
[0m[[0m[0minfo[0m] [0m[0mcompiling 1 Scala source to /Users/ginakokoska/IdeaProjects/HTWG/AIN5/Webapplikation/checkers_wa/target/scala-2.13/classes ...[0m
[0m[[0m[0mdebug[0m] [0m[0mRunning task... Cancel: Signal, check cycles: false, forcegc: true[0m
[0m[[0m[0mdebug[0m] [0m[0mExporting web-assets:checkers_wa[0m
[0m[[0m[0mdebug[0m] [0m[0mRunning task... Cancel: Signal, check cycles: false, forcegc: true[0m
[0m[[0m[0mdebug[0m] [0m[0mRunning task... Cancel: Signal, check cycles: false, forcegc: true[0m
[0m[[0m[0minfo[0m] [0m[0mLESS compiling on 1 source(s)[0m
[0m[[0m[0mdebug[0m] [0m[0mRunning task... Cancel: Signal, check cycles: false, forcegc: true[0m
[0m[[0m[0mdebug[0m] [0m[0mExporting web-assets:checkers_wa[0m
[0m[[0m[0mdebug[0m] [0m[0mRunning task... Cancel: Signal, check cycles: false, forcegc: true[0m
[0m[[0m[0mdebug[0m] [0m[0mRunning task... Cancel: Signal, check cycles: false, forcegc: true[0m
[0m[[0m[0minfo[0m] [0m[0mLESS compiling on 1 source(s)[0m
[0m[[0m[0mdebug[0m] [0m[0mRunning task... Cancel: Signal, check cycles: false, forcegc: true[0m
[0m[[0m[0mdebug[0m] [0m[0mExporting web-assets:checkers_wa[0m
[0m[[0m[0mdebug[0m] [0m[0mRunning task... Cancel: Signal, check cycles: false, forcegc: true[0m
[0m[[0m[0mdebug[0m] [0m[0mRunning task... Cancel: Signal, check cycles: false, forcegc: true[0m
[0m[[0m[0minfo[0m] [0m[0mcompiling 1 Scala source to /Users/ginakokoska/IdeaProjects/HTWG/AIN5/Webapplikation/checkers_wa/target/scala-2.13/classes ...[0m
[0m[[0m[0minfo[0m] [0m[0mLESS compiling on 1 source(s)[0m
[0m[[0m[0mdebug[0m] [0m[0mRunning task... Cancel: Signal, check cycles: false, forcegc: true[0m
[0m[[0m[0mdebug[0m] [0m[0mExporting web-assets:checkers_wa[0m
[0m[[0m[0mdebug[0m] [0m[0mRunning task... Cancel: Signal, check cycles: false, forcegc: true[0m
[0m[[0m[0mdebug[0m] [0m[0mRunning task... Cancel: Signal, check cycles: false, forcegc: true[0m
[0m[[0m[0minfo[0m] [0m[0mcompiling 1 Scala source to /Users/ginakokoska/IdeaProjects/HTWG/AIN5/Webapplikation/checkers_wa/target/scala-2.13/classes ...[0m
[0m[[0m[0mdebug[0m] [0m[0mRunning task... Cancel: Signal, check cycles: false, forcegc: true[0m
[0m[[0m[0mdebug[0m] [0m[0mExporting web-assets:checkers_wa[0m
[0m[[0m[0mdebug[0m] [0m[0mRunning task... Cancel: Signal, check cycles: false, forcegc: true[0m
[0m[[0m[0mdebug[0m] [0m[0mRunning task... Cancel: Signal, check cycles: false, forcegc: true[0m
[0m[[0m[0minfo[0m] [0m[0mLESS compiling on 1 source(s)[0m
[0m[[0m[0mdebug[0m] [0m[0mRunning task... Cancel: Signal, check cycles: false, forcegc: true[0m
[0m[[0m[0mdebug[0m] [0m[0mExporting web-assets:checkers_wa[0m
[0m[[0m[0mdebug[0m] [0m[0mRunning task... Cancel: Signal, check cycles: false, forcegc: true[0m
[0m[[0m[0mdebug[0m] [0m[0mRunning task... Cancel: Signal, check cycles: false, forcegc: true[0m
[0m[[0m[0minfo[0m] [0m[0mcompiling 1 Scala source to /Users/ginakokoska/IdeaProjects/HTWG/AIN5/Webapplikation/checkers_wa/target/scala-2.13/classes ...[0m
[0m[[0m[0minfo[0m] [0m[0mLESS compiling on 1 source(s)[0m
[0m[[0m[0mdebug[0m] [0m[0mForcing garbage collection...[0m
[0m[[0m[0mdebug[0m] [0m[0mRunning task... Cancel: Signal, check cycles: false, forcegc: true[0m
[0m[[0m[0mdebug[0m] [0m[0mExporting web-assets:checkers_wa[0m
[0m[[0m[0mdebug[0m] [0m[0mRunning task... Cancel: Signal, check cycles: false, forcegc: true[0m
[0m[[0m[0mdebug[0m] [0m[0mRunning task... Cancel: Signal, check cycles: false, forcegc: true[0m
[0m[[0m[0minfo[0m] [0m[0mcompiling 1 Scala source to /Users/ginakokoska/IdeaProjects/HTWG/AIN5/Webapplikation/checkers_wa/target/scala-2.13/classes ...[0m
[0m[[0m[0minfo[0m] [0m[0mLESS compiling on 1 source(s)[0m
[0m[[0m[0mdebug[0m] [0m[0mRunning task... Cancel: Signal, check cycles: false, forcegc: true[0m
[0m[[0m[0mdebug[0m] [0m[0mExporting web-assets:checkers_wa[0m
[0m[[0m[0mdebug[0m] [0m[0mRunning task... Cancel: Signal, check cycles: false, forcegc: true[0m
[0m[[0m[0mdebug[0m] [0m[0mRunning task... Cancel: Signal, check cycles: false, forcegc: true[0m
[0m[[0m[0minfo[0m] [0m[0mcompiling 1 Scala source to /Users/ginakokoska/IdeaProjects/HTWG/AIN5/Webapplikation/checkers_wa/target/scala-2.13/classes ...[0m
[0m[[0m[0minfo[0m] [0m[0mLESS compiling on 1 source(s)[0m
[0m[[0m[0mdebug[0m] [0m[0mRunning task... Cancel: Signal, check cycles: false, forcegc: true[0m
[0m[[0m[0mdebug[0m] [0m[0mExporting web-assets:checkers_wa[0m
[0m[[0m[0mdebug[0m] [0m[0mRunning task... Cancel: Signal, check cycles: false, forcegc: true[0m
[0m[[0m[0mdebug[0m] [0m[0mRunning task... Cancel: Signal, check cycles: false, forcegc: true[0m
[0m[[0m[0minfo[0m] [0m[0mLESS compiling on 1 source(s)[0m
[0m[[0m[0mdebug[0m] [0m[0mRunning task... Cancel: Signal, check cycles: false, forcegc: true[0m
[0m[[0m[0mdebug[0m] [0m[0mExporting web-assets:checkers_wa[0m
[0m[[0m[0mdebug[0m] [0m[0mRunning task... Cancel: Signal, check cycles: false, forcegc: true[0m
[0m[[0m[0mdebug[0m] [0m[0mRunning task... Cancel: Signal, check cycles: false, forcegc: true[0m
[0m[[0m[0minfo[0m] [0m[0mLESS compiling on 1 source(s)[0m
[0m[[0m[0mdebug[0m] [0m[0mRunning task... Cancel: Signal, check cycles: false, forcegc: true[0m
[0m[[0m[0mdebug[0m] [0m[0mExporting web-assets:checkers_wa[0m
[0m[[0m[0mdebug[0m] [0m[0mRunning task... Cancel: Signal, check cycles: false, forcegc: true[0m
[0m[[0m[0mdebug[0m] [0m[0mRunning task... Cancel: Signal, check cycles: false, forcegc: true[0m
[0m[[0m[0minfo[0m] [0m[0mLESS compiling on 1 source(s)[0m
[0m[[0m[0mdebug[0m] [0m[0mRunning task... Cancel: Signal, check cycles: false, forcegc: true[0m
[0m[[0m[0mdebug[0m] [0m[0mExporting web-assets:checkers_wa[0m
[0m[[0m[0mdebug[0m] [0m[0mRunning task... Cancel: Signal, check cycles: false, forcegc: true[0m
[0m[[0m[0mdebug[0m] [0m[0mRunning task... Cancel: Signal, check cycles: false, forcegc: true[0m
[0m[[0m[0minfo[0m] [0m[0mcompiling 1 Scala source to /Users/ginakokoska/IdeaProjects/HTWG/AIN5/Webapplikation/checkers_wa/target/scala-2.13/classes ...[0m
[0m[[0m[0minfo[0m] [0m[0mLESS compiling on 1 source(s)[0m
[0m[[0m[0mdebug[0m] [0m[0mRunning task... Cancel: Signal, check cycles: false, forcegc: true[0m
[0m[[0m[0mdebug[0m] [0m[0mExporting web-assets:checkers_wa[0m
[0m[[0m[0mdebug[0m] [0m[0mRunning task... Cancel: Signal, check cycles: false, forcegc: true[0m
[0m[[0m[0mdebug[0m] [0m[0mRunning task... Cancel: Signal, check cycles: false, forcegc: true[0m
[0m[[0m[0minfo[0m] [0m[0mLESS compiling on 1 source(s)[0m
[0m[[0m[0mdebug[0m] [0m[0mRunning task... Cancel: Signal, check cycles: false, forcegc: true[0m
[0m[[0m[0mdebug[0m] [0m[0mExporting web-assets:checkers_wa[0m
[0m[[0m[0mdebug[0m] [0m[0mRunning task... Cancel: Signal, check cycles: false, forcegc: true[0m
[0m[[0m[0mdebug[0m] [0m[0mRunning task... Cancel: Signal, check cycles: false, forcegc: true[0m
[0m[[0m[0minfo[0m] [0m[0mLESS compiling on 1 source(s)[0m
[0m[[0m[0mdebug[0m] [0m[0mRunning task... Cancel: Signal, check cycles: false, forcegc: true[0m
[0m[[0m[0mdebug[0m] [0m[0mExporting web-assets:checkers_wa[0m
[0m[[0m[0mdebug[0m] [0m[0mRunning task... Cancel: Signal, check cycles: false, forcegc: true[0m
[0m[[0m[0mdebug[0m] [0m[0mRunning task... Cancel: Signal, check cycles: false, forcegc: true[0m
[0m[[0m[0minfo[0m] [0m[0mcompiling 1 Scala source to /Users/ginakokoska/IdeaProjects/HTWG/AIN5/Webapplikation/checkers_wa/target/scala-2.13/classes ...[0m
[0m[[0m[0minfo[0m] [0m[0mLESS compiling on 1 source(s)[0m
[0m[[0m[0mdebug[0m] [0m[0mRunning task... Cancel: Signal, check cycles: false, forcegc: true[0m
[0m[[0m[0mdebug[0m] [0m[0mExporting web-assets:checkers_wa[0m
[0m[[0m[0mdebug[0m] [0m[0mRunning task... Cancel: Signal, check cycles: false, forcegc: true[0m
[0m[[0m[0mdebug[0m] [0m[0mRunning task... Cancel: Signal, check cycles: false, forcegc: true[0m
[0m[[0m[0minfo[0m] [0m[0mcompiling 1 Scala source to /Users/ginakokoska/IdeaProjects/HTWG/AIN5/Webapplikation/checkers_wa/target/scala-2.13/classes ...[0m
[0m[[0m[0minfo[0m] [0m[0mLESS compiling on 1 source(s)[0m
[0m[[0m[0mdebug[0m] [0m[0mRunning task... Cancel: Signal, check cycles: false, forcegc: true[0m
[0m[[0m[0mdebug[0m] [0m[0mExporting web-assets:checkers_wa[0m
[0m[[0m[0mdebug[0m] [0m[0mRunning task... Cancel: Signal, check cycles: false, forcegc: true[0m
[0m[[0m[0mdebug[0m] [0m[0mRunning task... Cancel: Signal, check cycles: false, forcegc: true[0m
[0m[[0m[0minfo[0m] [0m[0mcompiling 1 Scala source to /Users/ginakokoska/IdeaProjects/HTWG/AIN5/Webapplikation/checkers_wa/target/scala-2.13/classes ...[0m
[0m[[0m[0minfo[0m] [0m[0mLESS compiling on 1 source(s)[0m
[0m[[0m[0mdebug[0m] [0m[0mRunning task... Cancel: Signal, check cycles: false, forcegc: true[0m
[0m[[0m[0mdebug[0m] [0m[0mExporting web-assets:checkers_wa[0m
[0m[[0m[0mdebug[0m] [0m[0mRunning task... Cancel: Signal, check cycles: false, forcegc: true[0m
[0m[[0m[0mdebug[0m] [0m[0mRunning task... Cancel: Signal, check cycles: false, forcegc: true[0m
[0m[[0m[0minfo[0m] [0m[0mcompiling 1 Scala source to /Users/ginakokoska/IdeaProjects/HTWG/AIN5/Webapplikation/checkers_wa/target/scala-2.13/classes ...[0m
[0m[[0m[0minfo[0m] [0m[0mLESS compiling on 1 source(s)[0m
[0m[[0m[0mdebug[0m] [0m[0mForcing garbage collection...[0m
[0m[[0m[0mdebug[0m] [0m[0mRunning task... Cancel: Signal, check cycles: false, forcegc: true[0m
[0m[[0m[0mdebug[0m] [0m[0mExporting web-assets:checkers_wa[0m
[0m[[0m[0mdebug[0m] [0m[0mRunning task... Cancel: Signal, check cycles: false, forcegc: true[0m
[0m[[0m[0mdebug[0m] [0m[0mRunning task... Cancel: Signal, check cycles: false, forcegc: true[0m
[0m[[0m[0minfo[0m] [0m[0mcompiling 1 Scala source to /Users/ginakokoska/IdeaProjects/HTWG/AIN5/Webapplikation/checkers_wa/target/scala-2.13/classes ...[0m
[0m[[0m[0minfo[0m] [0m[0mLESS compiling on 1 source(s)[0m
[0m[[0m[0mdebug[0m] [0m[0mRunning task... Cancel: Signal, check cycles: false, forcegc: true[0m
[0m[[0m[0mdebug[0m] [0m[0mExporting web-assets:checkers_wa[0m
[0m[[0m[0mdebug[0m] [0m[0mRunning task... Cancel: Signal, check cycles: false, forcegc: true[0m
[0m[[0m[0mdebug[0m] [0m[0mRunning task... Cancel: Signal, check cycles: false, forcegc: true[0m
[0m[[0m[0minfo[0m] [0m[0mLESS compiling on 1 source(s)[0m
[0m[[0m[0mdebug[0m] [0m[0mRunning task... Cancel: Signal, check cycles: false, forcegc: true[0m
[0m[[0m[0mdebug[0m] [0m[0mExporting web-assets:checkers_wa[0m
[0m[[0m[0mdebug[0m] [0m[0mRunning task... Cancel: Signal, check cycles: false, forcegc: true[0m
[0m[[0m[0mdebug[0m] [0m[0mRunning task... Cancel: Signal, check cycles: false, forcegc: true[0m
[0m[[0m[0minfo[0m] [0m[0mLESS compiling on 1 source(s)[0m
[0m[[0m[0mdebug[0m] [0m[0mRunning task... Cancel: Signal, check cycles: false, forcegc: true[0m
[0m[[0m[0mdebug[0m] [0m[0mExporting web-assets:checkers_wa[0m
[0m[[0m[0mdebug[0m] [0m[0mRunning task... Cancel: Signal, check cycles: false, forcegc: true[0m
[0m[[0m[0mdebug[0m] [0m[0mRunning task... Cancel: Signal, check cycles: false, forcegc: true[0m
[0m[[0m[0minfo[0m] [0m[0mLESS compiling on 1 source(s)[0m
[0m[[0m[0mdebug[0m] [0m[0mRunning task... Cancel: Signal, check cycles: false, forcegc: true[0m
[0m[[0m[0mdebug[0m] [0m[0mExporting web-assets:checkers_wa[0m
[0m[[0m[0mdebug[0m] [0m[0mRunning task... Cancel: Signal, check cycles: false, forcegc: true[0m
[0m[[0m[0mdebug[0m] [0m[0mRunning task... Cancel: Signal, check cycles: false, forcegc: true[0m
[0m[[0m[0minfo[0m] [0m[0mcompiling 1 Scala source to /Users/ginakokoska/IdeaProjects/HTWG/AIN5/Webapplikation/checkers_wa/target/scala-2.13/classes ...[0m
[0m[[0m[0mdebug[0m] [0m[0mRunning task... Cancel: Signal, check cycles: false, forcegc: true[0m
[0m[[0m[0mdebug[0m] [0m[0mExporting web-assets:checkers_wa[0m
[0m[[0m[0mdebug[0m] [0m[0mRunning task... Cancel: Signal, check cycles: false, forcegc: true[0m
[0m[[0m[0mdebug[0m] [0m[0mRunning task... Cancel: Signal, check cycles: false, forcegc: true[0m
[0m[[0m[0minfo[0m] [0m[0mcompiling 1 Scala source to /Users/ginakokoska/IdeaProjects/HTWG/AIN5/Webapplikation/checkers_wa/target/scala-2.13/classes ...[0m
[0m[[0m[0mdebug[0m] [0m[0mRunning task... Cancel: Signal, check cycles: false, forcegc: true[0m
[0m[[0m[0mdebug[0m] [0m[0mExporting web-assets:checkers_wa[0m
[0m[[0m[0mdebug[0m] [0m[0mRunning task... Cancel: Signal, check cycles: false, forcegc: true[0m
[0m[[0m[0mdebug[0m] [0m[0mRunning task... Cancel: Signal, check cycles: false, forcegc: true[0m
[0m[[0m[0minfo[0m] [0m[0mcompiling 1 Scala source to /Users/ginakokoska/IdeaProjects/HTWG/AIN5/Webapplikation/checkers_wa/target/scala-2.13/classes ...[0m
[0m[[0m[0mdebug[0m] [0m[0mRunning task... Cancel: Signal, check cycles: false, forcegc: true[0m
[0m[[0m[0mdebug[0m] [0m[0mExporting web-assets:checkers_wa[0m
[0m[[0m[0mdebug[0m] [0m[0mRunning task... Cancel: Signal, check cycles: false, forcegc: true[0m
[0m[[0m[0mdebug[0m] [0m[0mRunning task... Cancel: Signal, check cycles: false, forcegc: true[0m
[0m[[0m[0minfo[0m] [0m[0mcompiling 1 Scala source to /Users/ginakokoska/IdeaProjects/HTWG/AIN5/Webapplikation/checkers_wa/target/scala-2.13/classes ...[0m
[0m[[0m[0mdebug[0m] [0m[0mRunning task... Cancel: Signal, check cycles: false, forcegc: true[0m
[0m[[0m[0mdebug[0m] [0m[0mExporting web-assets:checkers_wa[0m
[0m[[0m[0mdebug[0m] [0m[0mRunning task... Cancel: Signal, check cycles: false, forcegc: true[0m
[0m[[0m[0mdebug[0m] [0m[0mRunning task... Cancel: Signal, check cycles: false, forcegc: true[0m
[0m[[0m[0minfo[0m] [0m[0mcompiling 1 Scala source to /Users/ginakokoska/IdeaProjects/HTWG/AIN5/Webapplikation/checkers_wa/target/scala-2.13/classes ...[0m
[0m[[0m[0minfo[0m] [0m[0mLESS compiling on 1 source(s)[0m
[0m[[0m[0mdebug[0m] [0m[0mRunning task... Cancel: Signal, check cycles: false, forcegc: true[0m
[0m[[0m[0mdebug[0m] [0m[0mExporting web-assets:checkers_wa[0m
[0m[[0m[0mdebug[0m] [0m[0mRunning task... Cancel: Signal, check cycles: false, forcegc: true[0m
[0m[[0m[0mdebug[0m] [0m[0mRunning task... Cancel: Signal, check cycles: false, forcegc: true[0m
[0m[[0m[0minfo[0m] [0m[0mLESS compiling on 1 source(s)[0m
[0m[[0m[0mdebug[0m] [0m[0mRunning task... Cancel: Signal, check cycles: false, forcegc: true[0m
[0m[[0m[0mdebug[0m] [0m[0mExporting web-assets:checkers_wa[0m
[0m[[0m[0mdebug[0m] [0m[0mRunning task... Cancel: Signal, check cycles: false, forcegc: true[0m
[0m[[0m[0mdebug[0m] [0m[0mRunning task... Cancel: Signal, check cycles: false, forcegc: true[0m
[0m[[0m[0minfo[0m] [0m[0mLESS compiling on 1 source(s)[0m
[0m[[0m[0mdebug[0m] [0m[0mRunning task... Cancel: Signal, check cycles: false, forcegc: true[0m
[0m[[0m[0mdebug[0m] [0m[0mExporting web-assets:checkers_wa[0m
[0m[[0m[0mdebug[0m] [0m[0mRunning task... Cancel: Signal, check cycles: false, forcegc: true[0m
[0m[[0m[0mdebug[0m] [0m[0mRunning task... Cancel: Signal, check cycles: false, forcegc: true[0m
[0m[[0m[0minfo[0m] [0m[0mLESS compiling on 1 source(s)[0m
[0m[[0m[0mdebug[0m] [0m[0mRunning task... Cancel: Signal, check cycles: false, forcegc: true[0m
[0m[[0m[0mdebug[0m] [0m[0mExporting web-assets:checkers_wa[0m
[0m[[0m[0mdebug[0m] [0m[0mRunning task... Cancel: Signal, check cycles: false, forcegc: true[0m
[0m[[0m[0mdebug[0m] [0m[0mRunning task... Cancel: Signal, check cycles: false, forcegc: true[0m
[0m[[0m[0minfo[0m] [0m[0mLESS compiling on 1 source(s)[0m
[0m[[0m[0mdebug[0m] [0m[0mForcing garbage collection...[0m
[0m[[0m[0mdebug[0m] [0m[0mRunning task... Cancel: Signal, check cycles: false, forcegc: true[0m
[0m[[0m[0mdebug[0m] [0m[0mExporting web-assets:checkers_wa[0m
[0m[[0m[0mdebug[0m] [0m[0mRunning task... Cancel: Signal, check cycles: false, forcegc: true[0m
[0m[[0m[0mdebug[0m] [0m[0mRunning task... Cancel: Signal, check cycles: false, forcegc: true[0m
[0m[[0m[0minfo[0m] [0m[0mLESS compiling on 1 source(s)[0m
[0m[[0m[0mdebug[0m] [0m[0mRunning task... Cancel: Signal, check cycles: false, forcegc: true[0m
[0m[[0m[0mdebug[0m] [0m[0mExporting web-assets:checkers_wa[0m
[0m[[0m[0mdebug[0m] [0m[0mRunning task... Cancel: Signal, check cycles: false, forcegc: true[0m
[0m[[0m[0mdebug[0m] [0m[0mRunning task... Cancel: Signal, check cycles: false, forcegc: true[0m
[0m[[0m[0minfo[0m] [0m[0mLESS compiling on 1 source(s)[0m
[0m[[0m[0mdebug[0m] [0m[0mRunning task... Cancel: Signal, check cycles: false, forcegc: true[0m
[0m[[0m[0mdebug[0m] [0m[0mExporting web-assets:checkers_wa[0m
[0m[[0m[0mdebug[0m] [0m[0mRunning task... Cancel: Signal, check cycles: false, forcegc: true[0m
[0m[[0m[0mdebug[0m] [0m[0mRunning task... Cancel: Signal, check cycles: false, forcegc: true[0m
[0m[[0m[0minfo[0m] [0m[0mLESS compiling on 1 source(s)[0m
[0m[[0m[0mdebug[0m] [0m[0mRunning task... Cancel: Signal, check cycles: false, forcegc: true[0m
[0m[[0m[0mdebug[0m] [0m[0mExporting web-assets:checkers_wa[0m
[0m[[0m[0mdebug[0m] [0m[0mRunning task... Cancel: Signal, check cycles: false, forcegc: true[0m
